# JRE version: Java(TM) SE Runtime Environment (8.0_51-b16) (build 1.8.0_51-b16)
# Java VM: Java HotSpot(TM) 64-Bit Server VM (25.51-b03 mixed mode windows-amd64 compressed oops)
Heap:
 PSYoungGen      total 210944K, used 114704K [0x0000000780700000, 0x0000000795d00000, 0x00000007c0000000)
  eden space 196608K, 51% used [0x0000000780700000,0x0000000786a289e8,0x000000078c700000)
  from space 14336K, 91% used [0x000000078c700000,0x000000078d3db808,0x000000078d500000)
  to   space 15360K, 0% used [0x0000000794e00000,0x0000000794e00000,0x0000000795d00000)
 ParOldGen       total 82944K, used 12629K [0x0000000701400000, 0x0000000706500000, 0x0000000780700000)
  object space 82944K, 15% used [0x0000000701400000,0x0000000702055540,0x0000000706500000)
 Metaspace       used 29640K, capacity 30020K, committed 30256K, reserved 1075200K
  class space    used 3932K, capacity 4071K, committed 4144K, reserved 1048576K
GC Heap History (10 events):
Event: 4.603 GC heap before
{Heap before GC invocations=4 (full 0):
 PSYoungGen      total 57344K, used 57336K [0x0000000780700000, 0x0000000787700000, 0x00000007c0000000)
  eden space 49152K, 100% used [0x0000000780700000,0x0000000783700000,0x0000000783700000)
  from space 8192K, 99% used [0x0000000783700000,0x0000000783efe0b0,0x0000000783f00000)
  to   space 8192K, 0% used [0x0000000786f00000,0x0000000786f00000,0x0000000787700000)
 ParOldGen       total 131072K, used 3829K [0x0000000701400000, 0x0000000709400000, 0x0000000780700000)
  object space 131072K, 2% used [0x0000000701400000,0x00000007017bd608,0x0000000709400000)
 Metaspace       used 16893K, capacity 17180K, committed 17408K, reserved 1064960K
  class space    used 2197K, capacity 2286K, committed 2304K, reserved 1048576K
Event: 4.614 GC heap after
Heap after GC invocations=4 (full 0):
 PSYoungGen      total 106496K, used 8180K [0x0000000780700000, 0x0000000787700000, 0x00000007c0000000)
  eden space 98304K, 0% used [0x0000000780700000,0x0000000780700000,0x0000000786700000)
  from space 8192K, 99% used [0x0000000786f00000,0x00000007876fd260,0x0000000787700000)
  to   space 8192K, 0% used [0x0000000786700000,0x0000000786700000,0x0000000786f00000)
 ParOldGen       total 131072K, used 5076K [0x0000000701400000, 0x0000000709400000, 0x0000000780700000)
  object space 131072K, 3% used [0x0000000701400000,0x00000007018f5138,0x0000000709400000)
 Metaspace       used 16893K, capacity 17180K, committed 17408K, reserved 1064960K
  class space    used 2197K, capacity 2286K, committed 2304K, reserved 1048576K
}
Event: 5.571 GC heap before
{Heap before GC invocations=5 (full 0):
 PSYoungGen      total 106496K, used 106484K [0x0000000780700000, 0x0000000787700000, 0x00000007c0000000)
  eden space 98304K, 100% used [0x0000000780700000,0x0000000786700000,0x0000000786700000)
  from space 8192K, 99% used [0x0000000786f00000,0x00000007876fd260,0x0000000787700000)
  to   space 8192K, 0% used [0x0000000786700000,0x0000000786700000,0x0000000786f00000)
 ParOldGen       total 131072K, used 5076K [0x0000000701400000, 0x0000000709400000, 0x0000000780700000)
  object space 131072K, 3% used [0x0000000701400000,0x00000007018f5138,0x0000000709400000)
 Metaspace       used 19964K, capacity 20388K, committed 20736K, reserved 1067008K
  class space    used 2652K, capacity 2747K, committed 2816K, reserved 1048576K
Event: 5.584 GC heap after
Heap after GC invocations=5 (full 0):
 PSYoungGen      total 106496K, used 8180K [0x0000000780700000, 0x000000078e400000, 0x00000007c0000000)
  eden space 98304K, 0% used [0x0000000780700000,0x0000000780700000,0x0000000786700000)
  from space 8192K, 99% used [0x0000000786700000,0x0000000786efd300,0x0000000786f00000)
  to   space 14848K, 0% used [0x000000078d580000,0x000000078d580000,0x000000078e400000)
 ParOldGen       total 131072K, used 10238K [0x0000000701400000, 0x0000000709400000, 0x0000000780700000)
  object space 131072K, 7% used [0x0000000701400000,0x0000000701dff9e8,0x0000000709400000)
 Metaspace       used 19964K, capacity 20388K, committed 20736K, reserved 1067008K
  class space    used 2652K, capacity 2747K, committed 2816K, reserved 1048576K
}
Event: 5.863 GC heap before
{Heap before GC invocations=6 (full 0):
 PSYoungGen      total 106496K, used 34943K [0x0000000780700000, 0x000000078e400000, 0x00000007c0000000)
  eden space 98304K, 27% used [0x0000000780700000,0x0000000782122ac8,0x0000000786700000)
  from space 8192K, 99% used [0x0000000786700000,0x0000000786efd300,0x0000000786f00000)
  to   space 14848K, 0% used [0x000000078d580000,0x000000078d580000,0x000000078e400000)
 ParOldGen       total 131072K, used 10238K [0x0000000701400000, 0x0000000709400000, 0x0000000780700000)
  object space 131072K, 7% used [0x0000000701400000,0x0000000701dff9e8,0x0000000709400000)
 Metaspace       used 20844K, capacity 21188K, committed 21296K, reserved 1067008K
  class space    used 2772K, capacity 2843K, committed 2864K, reserved 1048576K
Event: 5.878 GC heap after
Heap after GC invocations=6 (full 0):
 PSYoungGen      total 210432K, used 9683K [0x0000000780700000, 0x000000078e300000, 0x00000007c0000000)
  eden space 196608K, 0% used [0x0000000780700000,0x0000000780700000,0x000000078c700000)
  from space 13824K, 70% used [0x000000078d580000,0x000000078def4fb8,0x000000078e300000)
  to   space 14336K, 0% used [0x000000078c700000,0x000000078c700000,0x000000078d500000)
 ParOldGen       total 131072K, used 10246K [0x0000000701400000, 0x0000000709400000, 0x0000000780700000)
  object space 131072K, 7% used [0x0000000701400000,0x0000000701e019e8,0x0000000709400000)
 Metaspace       used 20844K, capacity 21188K, committed 21296K, reserved 1067008K
  class space    used 2772K, capacity 2843K, committed 2864K, reserved 1048576K
}
Event: 5.878 GC heap before
{Heap before GC invocations=7 (full 1):
 PSYoungGen      total 210432K, used 9683K [0x0000000780700000, 0x000000078e300000, 0x00000007c0000000)
  eden space 196608K, 0% used [0x0000000780700000,0x0000000780700000,0x000000078c700000)
  from space 13824K, 70% used [0x000000078d580000,0x000000078def4fb8,0x000000078e300000)
  to   space 14336K, 0% used [0x000000078c700000,0x000000078c700000,0x000000078d500000)
 ParOldGen       total 131072K, used 10246K [0x0000000701400000, 0x0000000709400000, 0x0000000780700000)
  object space 131072K, 7% used [0x0000000701400000,0x0000000701e019e8,0x0000000709400000)
 Metaspace       used 20844K, capacity 21188K, committed 21296K, reserved 1067008K
  class space    used 2772K, capacity 2843K, committed 2864K, reserved 1048576K
Event: 5.936 GC heap after
Heap after GC invocations=7 (full 1):
 PSYoungGen      total 210432K, used 0K [0x0000000780700000, 0x000000078e300000, 0x00000007c0000000)
  eden space 196608K, 0% used [0x0000000780700000,0x0000000780700000,0x000000078c700000)
  from space 13824K, 0% used [0x000000078d580000,0x000000078d580000,0x000000078e300000)
  to   space 14336K, 0% used [0x000000078c700000,0x000000078c700000,0x000000078d500000)
 ParOldGen       total 82944K, used 12621K [0x0000000701400000, 0x0000000706500000, 0x0000000780700000)
  object space 82944K, 15% used [0x0000000701400000,0x0000000702053540,0x0000000706500000)
 Metaspace       used 20844K, capacity 21188K, committed 21296K, reserved 1067008K
  class space    used 2772K, capacity 2843K, committed 2864K, reserved 1048576K
}
Event: 17.023 GC heap before
{Heap before GC invocations=8 (full 1):
 PSYoungGen      total 210432K, used 196608K [0x0000000780700000, 0x000000078e300000, 0x00000007c0000000)
  eden space 196608K, 100% used [0x0000000780700000,0x000000078c700000,0x000000078c700000)
  from space 13824K, 0% used [0x000000078d580000,0x000000078d580000,0x000000078e300000)
  to   space 14336K, 0% used [0x000000078c700000,0x000000078c700000,0x000000078d500000)
 ParOldGen       total 82944K, used 12621K [0x0000000701400000, 0x0000000706500000, 0x0000000780700000)
  object space 82944K, 15% used [0x0000000701400000,0x0000000702053540,0x0000000706500000)
 Metaspace       used 27061K, capacity 27450K, committed 27824K, reserved 1073152K
  class space    used 3580K, capacity 3684K, committed 3760K, reserved 1048576K
Event: 17.035 GC heap after
Heap after GC invocations=8 (full 1):
 PSYoungGen      total 210944K, used 13166K [0x0000000780700000, 0x0000000795d00000, 0x00000007c0000000)
  eden space 196608K, 0% used [0x0000000780700000,0x0000000780700000,0x000000078c700000)
  from space 14336K, 91% used [0x000000078c700000,0x000000078d3db808,0x000000078d500000)
  to   space 15360K, 0% used [0x0000000794e00000,0x0000000794e00000,0x0000000795d00000)
 ParOldGen       total 82944K, used 12629K [0x0000000701400000, 0x0000000706500000, 0x0000000780700000)
  object space 82944K, 15% used [0x0000000701400000,0x0000000702055540,0x0000000706500000)
 Metaspace       used 27061K, capacity 27450K, committed 27824K, reserved 1073152K
  class space    used 3580K, capacity 3684K, committed 3760K, reserved 1048576K
}

