# JRE version: Java(TM) SE Runtime Environment (8.0_51-b16) (build 1.8.0_51-b16)
# Java VM: Java HotSpot(TM) 64-Bit Server VM (25.51-b03 mixed mode windows-amd64 compressed oops)
Heap:
 PSYoungGen      total 171008K, used 165894K [0x0000000780700000, 0x000000078db00000, 0x00000007c0000000)
  eden space 163328K, 96% used [0x0000000780700000,0x000000078a1b2770,0x000000078a680000)
  from space 7680K, 97% used [0x000000078d380000,0x000000078dacf240,0x000000078db00000)
  to   space 13312K, 0% used [0x000000078c100000,0x000000078c100000,0x000000078ce00000)
 ParOldGen       total 80896K, used 12388K [0x0000000701400000, 0x0000000706300000, 0x0000000780700000)
  object space 80896K, 15% used [0x0000000701400000,0x0000000702019078,0x0000000706300000)
 Metaspace       used 29037K, capacity 29470K, committed 29872K, reserved 1075200K
  class space    used 3840K, capacity 3974K, committed 4016K, reserved 1048576K
GC Heap History (10 events):
Event: 4.477 GC heap before
{Heap before GC invocations=5 (full 0):
 PSYoungGen      total 57344K, used 57314K [0x0000000780700000, 0x0000000787700000, 0x00000007c0000000)
  eden space 49152K, 100% used [0x0000000780700000,0x0000000783700000,0x0000000783700000)
  from space 8192K, 99% used [0x0000000783f00000,0x00000007846f8bc0,0x0000000784700000)
  to   space 8192K, 0% used [0x0000000783700000,0x0000000783700000,0x0000000783f00000)
 ParOldGen       total 131072K, used 4954K [0x0000000701400000, 0x0000000709400000, 0x0000000780700000)
  object space 131072K, 3% used [0x0000000701400000,0x00000007018d6870,0x0000000709400000)
 Metaspace       used 18181K, capacity 18472K, committed 18688K, reserved 1064960K
  class space    used 2387K, capacity 2479K, committed 2560K, reserved 1048576K
Event: 4.485 GC heap after
Heap after GC invocations=5 (full 0):
 PSYoungGen      total 57344K, used 8177K [0x0000000780700000, 0x0000000788000000, 0x00000007c0000000)
  eden space 49152K, 0% used [0x0000000780700000,0x0000000780700000,0x0000000783700000)
  from space 8192K, 99% used [0x0000000783700000,0x0000000783efc770,0x0000000783f00000)
  to   space 12800K, 0% used [0x0000000787380000,0x0000000787380000,0x0000000788000000)
 ParOldGen       total 131072K, used 7248K [0x0000000701400000, 0x0000000709400000, 0x0000000780700000)
  object space 131072K, 5% used [0x0000000701400000,0x0000000701b14358,0x0000000709400000)
 Metaspace       used 18181K, capacity 18472K, committed 18688K, reserved 1064960K
  class space    used 2387K, capacity 2479K, committed 2560K, reserved 1048576K
}
Event: 4.878 GC heap before
{Heap before GC invocations=6 (full 0):
 PSYoungGen      total 57344K, used 57329K [0x0000000780700000, 0x0000000788000000, 0x00000007c0000000)
  eden space 49152K, 100% used [0x0000000780700000,0x0000000783700000,0x0000000783700000)
  from space 8192K, 99% used [0x0000000783700000,0x0000000783efc770,0x0000000783f00000)
  to   space 12800K, 0% used [0x0000000787380000,0x0000000787380000,0x0000000788000000)
 ParOldGen       total 131072K, used 7248K [0x0000000701400000, 0x0000000709400000, 0x0000000780700000)
  object space 131072K, 5% used [0x0000000701400000,0x0000000701b14358,0x0000000709400000)
 Metaspace       used 20066K, capacity 20450K, committed 20736K, reserved 1067008K
  class space    used 2658K, capacity 2745K, committed 2816K, reserved 1048576K
Event: 4.890 GC heap after
Heap after GC invocations=6 (full 0):
 PSYoungGen      total 110592K, used 11150K [0x0000000780700000, 0x0000000788100000, 0x00000007c0000000)
  eden space 97792K, 0% used [0x0000000780700000,0x0000000780700000,0x0000000786680000)
  from space 12800K, 87% used [0x0000000787380000,0x0000000787e63970,0x0000000788000000)
  to   space 13312K, 0% used [0x0000000786680000,0x0000000786680000,0x0000000787380000)
 ParOldGen       total 131072K, used 7256K [0x0000000701400000, 0x0000000709400000, 0x0000000780700000)
  object space 131072K, 5% used [0x0000000701400000,0x0000000701b16358,0x0000000709400000)
 Metaspace       used 20066K, capacity 20450K, committed 20736K, reserved 1067008K
  class space    used 2658K, capacity 2745K, committed 2816K, reserved 1048576K
}
Event: 5.060 GC heap before
{Heap before GC invocations=7 (full 0):
 PSYoungGen      total 110592K, used 32309K [0x0000000780700000, 0x0000000788100000, 0x00000007c0000000)
  eden space 97792K, 21% used [0x0000000780700000,0x0000000781ba9de0,0x0000000786680000)
  from space 12800K, 87% used [0x0000000787380000,0x0000000787e63970,0x0000000788000000)
  to   space 13312K, 0% used [0x0000000786680000,0x0000000786680000,0x0000000787380000)
 ParOldGen       total 131072K, used 7256K [0x0000000701400000, 0x0000000709400000, 0x0000000780700000)
  object space 131072K, 5% used [0x0000000701400000,0x0000000701b16358,0x0000000709400000)
 Metaspace       used 20823K, capacity 21186K, committed 21296K, reserved 1067008K
  class space    used 2755K, capacity 2841K, committed 2864K, reserved 1048576K
Event: 5.071 GC heap after
Heap after GC invocations=7 (full 0):
 PSYoungGen      total 111104K, used 6015K [0x0000000780700000, 0x000000078e100000, 0x00000007c0000000)
  eden space 97792K, 0% used [0x0000000780700000,0x0000000780700000,0x0000000786680000)
  from space 13312K, 45% used [0x0000000786680000,0x0000000786c5fcb8,0x0000000787380000)
  to   space 13824K, 0% used [0x000000078d380000,0x000000078d380000,0x000000078e100000)
 ParOldGen       total 131072K, used 12176K [0x0000000701400000, 0x0000000709400000, 0x0000000780700000)
  object space 131072K, 9% used [0x0000000701400000,0x0000000701fe4028,0x0000000709400000)
 Metaspace       used 20823K, capacity 21186K, committed 21296K, reserved 1067008K
  class space    used 2755K, capacity 2841K, committed 2864K, reserved 1048576K
}
Event: 5.071 GC heap before
{Heap before GC invocations=8 (full 1):
 PSYoungGen      total 111104K, used 6015K [0x0000000780700000, 0x000000078e100000, 0x00000007c0000000)
  eden space 97792K, 0% used [0x0000000780700000,0x0000000780700000,0x0000000786680000)
  from space 13312K, 45% used [0x0000000786680000,0x0000000786c5fcb8,0x0000000787380000)
  to   space 13824K, 0% used [0x000000078d380000,0x000000078d380000,0x000000078e100000)
 ParOldGen       total 131072K, used 12176K [0x0000000701400000, 0x0000000709400000, 0x0000000780700000)
  object space 131072K, 9% used [0x0000000701400000,0x0000000701fe4028,0x0000000709400000)
 Metaspace       used 20823K, capacity 21186K, committed 21296K, reserved 1067008K
  class space    used 2755K, capacity 2841K, committed 2864K, reserved 1048576K
Event: 5.127 GC heap after
Heap after GC invocations=8 (full 1):
 PSYoungGen      total 111104K, used 0K [0x0000000780700000, 0x000000078e100000, 0x00000007c0000000)
  eden space 97792K, 0% used [0x0000000780700000,0x0000000780700000,0x0000000786680000)
  from space 13312K, 0% used [0x0000000786680000,0x0000000786680000,0x0000000787380000)
  to   space 13824K, 0% used [0x000000078d380000,0x000000078d380000,0x000000078e100000)
 ParOldGen       total 80896K, used 12380K [0x0000000701400000, 0x0000000706300000, 0x0000000780700000)
  object space 80896K, 15% used [0x0000000701400000,0x0000000702017078,0x0000000706300000)
 Metaspace       used 20823K, capacity 21186K, committed 21296K, reserved 1067008K
  class space    used 2755K, capacity 2841K, committed 2864K, reserved 1048576K
}
Event: 6.407 GC heap before
{Heap before GC invocations=9 (full 1):
 PSYoungGen      total 111104K, used 97792K [0x0000000780700000, 0x000000078e100000, 0x00000007c0000000)
  eden space 97792K, 100% used [0x0000000780700000,0x0000000786680000,0x0000000786680000)
  from space 13312K, 0% used [0x0000000786680000,0x0000000786680000,0x0000000787380000)
  to   space 13824K, 0% used [0x000000078d380000,0x000000078d380000,0x000000078e100000)
 ParOldGen       total 80896K, used 12380K [0x0000000701400000, 0x0000000706300000, 0x0000000780700000)
  object space 80896K, 15% used [0x0000000701400000,0x0000000702017078,0x0000000706300000)
 Metaspace       used 25136K, capacity 25600K, committed 26032K, reserved 1071104K
  class space    used 3298K, capacity 3390K, committed 3504K, reserved 1048576K
Event: 6.418 GC heap after
Heap after GC invocations=9 (full 1):
 PSYoungGen      total 171008K, used 7484K [0x0000000780700000, 0x000000078db00000, 0x00000007c0000000)
  eden space 163328K, 0% used [0x0000000780700000,0x0000000780700000,0x000000078a680000)
  from space 7680K, 97% used [0x000000078d380000,0x000000078dacf240,0x000000078db00000)
  to   space 13312K, 0% used [0x000000078c100000,0x000000078c100000,0x000000078ce00000)
 ParOldGen       total 80896K, used 12388K [0x0000000701400000, 0x0000000706300000, 0x0000000780700000)
  object space 80896K, 15% used [0x0000000701400000,0x0000000702019078,0x0000000706300000)
 Metaspace       used 25136K, capacity 25600K, committed 26032K, reserved 1071104K
  class space    used 3298K, capacity 3390K, committed 3504K, reserved 1048576K
}

