# JRE version: Java(TM) SE Runtime Environment (8.0_51-b16) (build 1.8.0_51-b16)
# Java VM: Java HotSpot(TM) 64-Bit Server VM (25.51-b03 mixed mode windows-amd64 compressed oops)
Heap:
 PSYoungGen      total 210944K, used 102351K [0x0000000780700000, 0x0000000795b00000, 0x00000007c0000000)
  eden space 196608K, 45% used [0x0000000780700000,0x0000000785e28518,0x000000078c700000)
  from space 14336K, 91% used [0x000000078c700000,0x000000078d3cba98,0x000000078d500000)
  to   space 15360K, 0% used [0x0000000794c00000,0x0000000794c00000,0x0000000795b00000)
 ParOldGen       total 84480K, used 12530K [0x0000000701400000, 0x0000000706680000, 0x0000000780700000)
  object space 84480K, 14% used [0x0000000701400000,0x000000070203ca00,0x0000000706680000)
 Metaspace       used 31792K, capacity 32282K, committed 32688K, reserved 1077248K
  class space    used 4090K, capacity 4240K, committed 4272K, reserved 1048576K
GC Heap History (10 events):
Event: 3.180 GC heap before
{Heap before GC invocations=4 (full 0):
 PSYoungGen      total 57344K, used 57332K [0x0000000780700000, 0x0000000787700000, 0x00000007c0000000)
  eden space 49152K, 100% used [0x0000000780700000,0x0000000783700000,0x0000000783700000)
  from space 8192K, 99% used [0x0000000783700000,0x0000000783efd060,0x0000000783f00000)
  to   space 8192K, 0% used [0x0000000786f00000,0x0000000786f00000,0x0000000787700000)
 ParOldGen       total 131072K, used 4064K [0x0000000701400000, 0x0000000709400000, 0x0000000780700000)
  object space 131072K, 3% used [0x0000000701400000,0x00000007017f80e0,0x0000000709400000)
 Metaspace       used 16971K, capacity 17302K, committed 17408K, reserved 1064960K
  class space    used 2200K, capacity 2284K, committed 2304K, reserved 1048576K
Event: 3.190 GC heap after
Heap after GC invocations=4 (full 0):
 PSYoungGen      total 106496K, used 8171K [0x0000000780700000, 0x0000000787700000, 0x00000007c0000000)
  eden space 98304K, 0% used [0x0000000780700000,0x0000000780700000,0x0000000786700000)
  from space 8192K, 99% used [0x0000000786f00000,0x00000007876fadb0,0x0000000787700000)
  to   space 8192K, 0% used [0x0000000786700000,0x0000000786700000,0x0000000786f00000)
 ParOldGen       total 131072K, used 5323K [0x0000000701400000, 0x0000000709400000, 0x0000000780700000)
  object space 131072K, 4% used [0x0000000701400000,0x0000000701932d50,0x0000000709400000)
 Metaspace       used 16971K, capacity 17302K, committed 17408K, reserved 1064960K
  class space    used 2200K, capacity 2284K, committed 2304K, reserved 1048576K
}
Event: 3.943 GC heap before
{Heap before GC invocations=5 (full 0):
 PSYoungGen      total 106496K, used 106475K [0x0000000780700000, 0x0000000787700000, 0x00000007c0000000)
  eden space 98304K, 100% used [0x0000000780700000,0x0000000786700000,0x0000000786700000)
  from space 8192K, 99% used [0x0000000786f00000,0x00000007876fadb0,0x0000000787700000)
  to   space 8192K, 0% used [0x0000000786700000,0x0000000786700000,0x0000000786f00000)
 ParOldGen       total 131072K, used 5323K [0x0000000701400000, 0x0000000709400000, 0x0000000780700000)
  object space 131072K, 4% used [0x0000000701400000,0x0000000701932d50,0x0000000709400000)
 Metaspace       used 20097K, capacity 20514K, committed 20736K, reserved 1067008K
  class space    used 2662K, capacity 2745K, committed 2816K, reserved 1048576K
Event: 3.956 GC heap after
Heap after GC invocations=5 (full 0):
 PSYoungGen      total 106496K, used 8180K [0x0000000780700000, 0x000000078e400000, 0x00000007c0000000)
  eden space 98304K, 0% used [0x0000000780700000,0x0000000780700000,0x0000000786700000)
  from space 8192K, 99% used [0x0000000786700000,0x0000000786efd300,0x0000000786f00000)
  to   space 14848K, 0% used [0x000000078d580000,0x000000078d580000,0x000000078e400000)
 ParOldGen       total 131072K, used 10606K [0x0000000701400000, 0x0000000709400000, 0x0000000780700000)
  object space 131072K, 8% used [0x0000000701400000,0x0000000701e5b9f8,0x0000000709400000)
 Metaspace       used 20097K, capacity 20514K, committed 20736K, reserved 1067008K
  class space    used 2662K, capacity 2745K, committed 2816K, reserved 1048576K
}
Event: 4.151 GC heap before
{Heap before GC invocations=6 (full 0):
 PSYoungGen      total 106496K, used 31597K [0x0000000780700000, 0x000000078e400000, 0x00000007c0000000)
  eden space 98304K, 23% used [0x0000000780700000,0x0000000781dde260,0x0000000786700000)
  from space 8192K, 99% used [0x0000000786700000,0x0000000786efd300,0x0000000786f00000)
  to   space 14848K, 0% used [0x000000078d580000,0x000000078d580000,0x000000078e400000)
 ParOldGen       total 131072K, used 10606K [0x0000000701400000, 0x0000000709400000, 0x0000000780700000)
  object space 131072K, 8% used [0x0000000701400000,0x0000000701e5b9f8,0x0000000709400000)
 Metaspace       used 20859K, capacity 21186K, committed 21296K, reserved 1067008K
  class space    used 2759K, capacity 2841K, committed 2864K, reserved 1048576K
Event: 4.163 GC heap after
Heap after GC invocations=6 (full 0):
 PSYoungGen      total 210432K, used 9549K [0x0000000780700000, 0x000000078e300000, 0x00000007c0000000)
  eden space 196608K, 0% used [0x0000000780700000,0x0000000780700000,0x000000078c700000)
  from space 13824K, 69% used [0x000000078d580000,0x000000078ded3768,0x000000078e300000)
  to   space 14336K, 0% used [0x000000078c700000,0x000000078c700000,0x000000078d500000)
 ParOldGen       total 131072K, used 10614K [0x0000000701400000, 0x0000000709400000, 0x0000000780700000)
  object space 131072K, 8% used [0x0000000701400000,0x0000000701e5d9f8,0x0000000709400000)
 Metaspace       used 20859K, capacity 21186K, committed 21296K, reserved 1067008K
  class space    used 2759K, capacity 2841K, committed 2864K, reserved 1048576K
}
Event: 4.163 GC heap before
{Heap before GC invocations=7 (full 1):
 PSYoungGen      total 210432K, used 9549K [0x0000000780700000, 0x000000078e300000, 0x00000007c0000000)
  eden space 196608K, 0% used [0x0000000780700000,0x0000000780700000,0x000000078c700000)
  from space 13824K, 69% used [0x000000078d580000,0x000000078ded3768,0x000000078e300000)
  to   space 14336K, 0% used [0x000000078c700000,0x000000078c700000,0x000000078d500000)
 ParOldGen       total 131072K, used 10614K [0x0000000701400000, 0x0000000709400000, 0x0000000780700000)
  object space 131072K, 8% used [0x0000000701400000,0x0000000701e5d9f8,0x0000000709400000)
 Metaspace       used 20859K, capacity 21186K, committed 21296K, reserved 1067008K
  class space    used 2759K, capacity 2841K, committed 2864K, reserved 1048576K
Event: 4.220 GC heap after
Heap after GC invocations=7 (full 1):
 PSYoungGen      total 210432K, used 0K [0x0000000780700000, 0x000000078e300000, 0x00000007c0000000)
  eden space 196608K, 0% used [0x0000000780700000,0x0000000780700000,0x000000078c700000)
  from space 13824K, 0% used [0x000000078d580000,0x000000078d580000,0x000000078e300000)
  to   space 14336K, 0% used [0x000000078c700000,0x000000078c700000,0x000000078d500000)
 ParOldGen       total 84480K, used 12522K [0x0000000701400000, 0x0000000706680000, 0x0000000780700000)
  object space 84480K, 14% used [0x0000000701400000,0x000000070203aa00,0x0000000706680000)
 Metaspace       used 20859K, capacity 21186K, committed 21296K, reserved 1067008K
  class space    used 2759K, capacity 2841K, committed 2864K, reserved 1048576K
}
Event: 5.980 GC heap before
{Heap before GC invocations=8 (full 1):
 PSYoungGen      total 210432K, used 196608K [0x0000000780700000, 0x000000078e300000, 0x00000007c0000000)
  eden space 196608K, 100% used [0x0000000780700000,0x000000078c700000,0x000000078c700000)
  from space 13824K, 0% used [0x000000078d580000,0x000000078d580000,0x000000078e300000)
  to   space 14336K, 0% used [0x000000078c700000,0x000000078c700000,0x000000078d500000)
 ParOldGen       total 84480K, used 12522K [0x0000000701400000, 0x0000000706680000, 0x0000000780700000)
  object space 84480K, 14% used [0x0000000701400000,0x000000070203aa00,0x0000000706680000)
 Metaspace       used 27146K, capacity 27578K, committed 27824K, reserved 1073152K
  class space    used 3575K, capacity 3684K, committed 3760K, reserved 1048576K
Event: 5.997 GC heap after
Heap after GC invocations=8 (full 1):
 PSYoungGen      total 210944K, used 13102K [0x0000000780700000, 0x0000000795b00000, 0x00000007c0000000)
  eden space 196608K, 0% used [0x0000000780700000,0x0000000780700000,0x000000078c700000)
  from space 14336K, 91% used [0x000000078c700000,0x000000078d3cba98,0x000000078d500000)
  to   space 15360K, 0% used [0x0000000794c00000,0x0000000794c00000,0x0000000795b00000)
 ParOldGen       total 84480K, used 12530K [0x0000000701400000, 0x0000000706680000, 0x0000000780700000)
  object space 84480K, 14% used [0x0000000701400000,0x000000070203ca00,0x0000000706680000)
 Metaspace       used 27146K, capacity 27578K, committed 27824K, reserved 1073152K
  class space    used 3575K, capacity 3684K, committed 3760K, reserved 1048576K
}

