# JRE version: Java(TM) SE Runtime Environment (8.0_51-b16) (build 1.8.0_51-b16)
# Java VM: Java HotSpot(TM) 64-Bit Server VM (25.51-b03 mixed mode windows-amd64 compressed oops)
Heap:
 PSYoungGen      total 210944K, used 71657K [0x0000000780700000, 0x0000000795600000, 0x00000007c0000000)
  eden space 196608K, 29% used [0x0000000780700000,0x0000000784015430,0x000000078c700000)
  from space 14336K, 92% used [0x000000078c700000,0x000000078d3e5128,0x000000078d500000)
  to   space 15360K, 0% used [0x0000000794700000,0x0000000794700000,0x0000000795600000)
 ParOldGen       total 84992K, used 12580K [0x0000000701400000, 0x0000000706700000, 0x0000000780700000)
  object space 84992K, 14% used [0x0000000701400000,0x0000000702049208,0x0000000706700000)
 Metaspace       used 29012K, capacity 29470K, committed 29872K, reserved 1075200K
  class space    used 3839K, capacity 3974K, committed 4016K, reserved 1048576K
GC Heap History (10 events):
Event: 3.657 GC heap before
{Heap before GC invocations=4 (full 0):
 PSYoungGen      total 57344K, used 57335K [0x0000000780700000, 0x0000000787700000, 0x00000007c0000000)
  eden space 49152K, 100% used [0x0000000780700000,0x0000000783700000,0x0000000783700000)
  from space 8192K, 99% used [0x0000000783700000,0x0000000783efde00,0x0000000783f00000)
  to   space 8192K, 0% used [0x0000000786f00000,0x0000000786f00000,0x0000000787700000)
 ParOldGen       total 131072K, used 3713K [0x0000000701400000, 0x0000000709400000, 0x0000000780700000)
  object space 131072K, 2% used [0x0000000701400000,0x00000007017a05e0,0x0000000709400000)
 Metaspace       used 16911K, capacity 17244K, committed 17408K, reserved 1064960K
  class space    used 2197K, capacity 2285K, committed 2304K, reserved 1048576K
Event: 3.666 GC heap after
Heap after GC invocations=4 (full 0):
 PSYoungGen      total 106496K, used 8170K [0x0000000780700000, 0x0000000787700000, 0x00000007c0000000)
  eden space 98304K, 0% used [0x0000000780700000,0x0000000780700000,0x0000000786700000)
  from space 8192K, 99% used [0x0000000786f00000,0x00000007876faa60,0x0000000787700000)
  to   space 8192K, 0% used [0x0000000786700000,0x0000000786700000,0x0000000786f00000)
 ParOldGen       total 131072K, used 4976K [0x0000000701400000, 0x0000000709400000, 0x0000000780700000)
  object space 131072K, 3% used [0x0000000701400000,0x00000007018dc100,0x0000000709400000)
 Metaspace       used 16911K, capacity 17244K, committed 17408K, reserved 1064960K
  class space    used 2197K, capacity 2285K, committed 2304K, reserved 1048576K
}
Event: 4.724 GC heap before
{Heap before GC invocations=5 (full 0):
 PSYoungGen      total 106496K, used 106474K [0x0000000780700000, 0x0000000787700000, 0x00000007c0000000)
  eden space 98304K, 100% used [0x0000000780700000,0x0000000786700000,0x0000000786700000)
  from space 8192K, 99% used [0x0000000786f00000,0x00000007876faa60,0x0000000787700000)
  to   space 8192K, 0% used [0x0000000786700000,0x0000000786700000,0x0000000786f00000)
 ParOldGen       total 131072K, used 4976K [0x0000000701400000, 0x0000000709400000, 0x0000000780700000)
  object space 131072K, 3% used [0x0000000701400000,0x00000007018dc100,0x0000000709400000)
 Metaspace       used 20030K, capacity 20392K, committed 20736K, reserved 1067008K
  class space    used 2658K, capacity 2746K, committed 2816K, reserved 1048576K
Event: 4.739 GC heap after
Heap after GC invocations=5 (full 0):
 PSYoungGen      total 106496K, used 8179K [0x0000000780700000, 0x000000078e400000, 0x00000007c0000000)
  eden space 98304K, 0% used [0x0000000780700000,0x0000000780700000,0x0000000786700000)
  from space 8192K, 99% used [0x0000000786700000,0x0000000786efcc70,0x0000000786f00000)
  to   space 14848K, 0% used [0x000000078d580000,0x000000078d580000,0x000000078e400000)
 ParOldGen       total 131072K, used 10210K [0x0000000701400000, 0x0000000709400000, 0x0000000780700000)
  object space 131072K, 7% used [0x0000000701400000,0x0000000701df8930,0x0000000709400000)
 Metaspace       used 20030K, capacity 20392K, committed 20736K, reserved 1067008K
  class space    used 2658K, capacity 2746K, committed 2816K, reserved 1048576K
}
Event: 4.991 GC heap before
{Heap before GC invocations=6 (full 0):
 PSYoungGen      total 106496K, used 33186K [0x0000000780700000, 0x000000078e400000, 0x00000007c0000000)
  eden space 98304K, 25% used [0x0000000780700000,0x0000000781f6be78,0x0000000786700000)
  from space 8192K, 99% used [0x0000000786700000,0x0000000786efcc70,0x0000000786f00000)
  to   space 14848K, 0% used [0x000000078d580000,0x000000078d580000,0x000000078e400000)
 ParOldGen       total 131072K, used 10210K [0x0000000701400000, 0x0000000709400000, 0x0000000780700000)
  object space 131072K, 7% used [0x0000000701400000,0x0000000701df8930,0x0000000709400000)
 Metaspace       used 20875K, capacity 21192K, committed 21296K, reserved 1067008K
  class space    used 2770K, capacity 2842K, committed 2864K, reserved 1048576K
Event: 5.004 GC heap after
Heap after GC invocations=6 (full 0):
 PSYoungGen      total 210432K, used 9602K [0x0000000780700000, 0x000000078e300000, 0x00000007c0000000)
  eden space 196608K, 0% used [0x0000000780700000,0x0000000780700000,0x000000078c700000)
  from space 13824K, 69% used [0x000000078d580000,0x000000078dee0bc8,0x000000078e300000)
  to   space 14336K, 0% used [0x000000078c700000,0x000000078c700000,0x000000078d500000)
 ParOldGen       total 131072K, used 10218K [0x0000000701400000, 0x0000000709400000, 0x0000000780700000)
  object space 131072K, 7% used [0x0000000701400000,0x0000000701dfa930,0x0000000709400000)
 Metaspace       used 20875K, capacity 21192K, committed 21296K, reserved 1067008K
  class space    used 2770K, capacity 2842K, committed 2864K, reserved 1048576K
}
Event: 5.004 GC heap before
{Heap before GC invocations=7 (full 1):
 PSYoungGen      total 210432K, used 9602K [0x0000000780700000, 0x000000078e300000, 0x00000007c0000000)
  eden space 196608K, 0% used [0x0000000780700000,0x0000000780700000,0x000000078c700000)
  from space 13824K, 69% used [0x000000078d580000,0x000000078dee0bc8,0x000000078e300000)
  to   space 14336K, 0% used [0x000000078c700000,0x000000078c700000,0x000000078d500000)
 ParOldGen       total 131072K, used 10218K [0x0000000701400000, 0x0000000709400000, 0x0000000780700000)
  object space 131072K, 7% used [0x0000000701400000,0x0000000701dfa930,0x0000000709400000)
 Metaspace       used 20875K, capacity 21192K, committed 21296K, reserved 1067008K
  class space    used 2770K, capacity 2842K, committed 2864K, reserved 1048576K
Event: 5.068 GC heap after
Heap after GC invocations=7 (full 1):
 PSYoungGen      total 210432K, used 0K [0x0000000780700000, 0x000000078e300000, 0x00000007c0000000)
  eden space 196608K, 0% used [0x0000000780700000,0x0000000780700000,0x000000078c700000)
  from space 13824K, 0% used [0x000000078d580000,0x000000078d580000,0x000000078e300000)
  to   space 14336K, 0% used [0x000000078c700000,0x000000078c700000,0x000000078d500000)
 ParOldGen       total 84992K, used 12572K [0x0000000701400000, 0x0000000706700000, 0x0000000780700000)
  object space 84992K, 14% used [0x0000000701400000,0x0000000702047208,0x0000000706700000)
 Metaspace       used 20871K, capacity 21186K, committed 21296K, reserved 1067008K
  class space    used 2769K, capacity 2841K, committed 2864K, reserved 1048576K
}
Event: 7.989 GC heap before
{Heap before GC invocations=8 (full 1):
 PSYoungGen      total 210432K, used 196608K [0x0000000780700000, 0x000000078e300000, 0x00000007c0000000)
  eden space 196608K, 100% used [0x0000000780700000,0x000000078c700000,0x000000078c700000)
  from space 13824K, 0% used [0x000000078d580000,0x000000078d580000,0x000000078e300000)
  to   space 14336K, 0% used [0x000000078c700000,0x000000078c700000,0x000000078d500000)
 ParOldGen       total 84992K, used 12572K [0x0000000701400000, 0x0000000706700000, 0x0000000780700000)
  object space 84992K, 14% used [0x0000000701400000,0x0000000702047208,0x0000000706700000)
 Metaspace       used 27218K, capacity 27674K, committed 28080K, reserved 1073152K
  class space    used 3586K, capacity 3716K, committed 3760K, reserved 1048576K
Event: 8.004 GC heap after
Heap after GC invocations=8 (full 1):
 PSYoungGen      total 210944K, used 13204K [0x0000000780700000, 0x0000000795600000, 0x00000007c0000000)
  eden space 196608K, 0% used [0x0000000780700000,0x0000000780700000,0x000000078c700000)
  from space 14336K, 92% used [0x000000078c700000,0x000000078d3e5128,0x000000078d500000)
  to   space 15360K, 0% used [0x0000000794700000,0x0000000794700000,0x0000000795600000)
 ParOldGen       total 84992K, used 12580K [0x0000000701400000, 0x0000000706700000, 0x0000000780700000)
  object space 84992K, 14% used [0x0000000701400000,0x0000000702049208,0x0000000706700000)
 Metaspace       used 27218K, capacity 27674K, committed 28080K, reserved 1073152K
  class space    used 3586K, capacity 3716K, committed 3760K, reserved 1048576K
}

