# JRE version: Java(TM) SE Runtime Environment (8.0_51-b16) (build 1.8.0_51-b16)
# Java VM: Java HotSpot(TM) 64-Bit Server VM (25.51-b03 mixed mode windows-amd64 compressed oops)
Heap:
 PSYoungGen      total 342528K, used 199697K [0x0000000780700000, 0x000000079a300000, 0x00000007c0000000)
  eden space 329216K, 56% used [0x0000000780700000,0x000000078bd376d0,0x0000000794880000)
  from space 13312K, 98% used [0x0000000799600000,0x000000079a2ccd60,0x000000079a300000)
  to   space 16384K, 0% used [0x0000000798300000,0x0000000798300000,0x0000000799300000)
 ParOldGen       total 81920K, used 12568K [0x0000000701400000, 0x0000000706400000, 0x0000000780700000)
  object space 81920K, 15% used [0x0000000701400000,0x00000007020463a0,0x0000000706400000)
 Metaspace       used 32012K, capacity 32506K, committed 32688K, reserved 1077248K
  class space    used 4138K, capacity 4272K, committed 4272K, reserved 1048576K
GC Heap History (10 events):
Event: 4.645 GC heap before
{Heap before GC invocations=3 (full 0):
 PSYoungGen      total 106496K, used 106486K [0x0000000780700000, 0x0000000787700000, 0x00000007c0000000)
  eden space 98304K, 100% used [0x0000000780700000,0x0000000786700000,0x0000000786700000)
  from space 8192K, 99% used [0x0000000786f00000,0x00000007876fd8b8,0x0000000787700000)
  to   space 8192K, 0% used [0x0000000786700000,0x0000000786700000,0x0000000786f00000)
 ParOldGen       total 131072K, used 1528K [0x0000000701400000, 0x0000000709400000, 0x0000000780700000)
  object space 131072K, 1% used [0x0000000701400000,0x000000070157e230,0x0000000709400000)
 Metaspace       used 16936K, capacity 17238K, committed 17408K, reserved 1064960K
  class space    used 2196K, capacity 2284K, committed 2304K, reserved 1048576K
Event: 4.657 GC heap after
Heap after GC invocations=3 (full 0):
 PSYoungGen      total 106496K, used 8179K [0x0000000780700000, 0x000000078d700000, 0x00000007c0000000)
  eden space 98304K, 0% used [0x0000000780700000,0x0000000780700000,0x0000000786700000)
  from space 8192K, 99% used [0x0000000786700000,0x0000000786efce60,0x0000000786f00000)
  to   space 8192K, 0% used [0x000000078cf00000,0x000000078cf00000,0x000000078d700000)
 ParOldGen       total 131072K, used 4676K [0x0000000701400000, 0x0000000709400000, 0x0000000780700000)
  object space 131072K, 3% used [0x0000000701400000,0x0000000701891380,0x0000000709400000)
 Metaspace       used 16936K, capacity 17238K, committed 17408K, reserved 1064960K
  class space    used 2196K, capacity 2284K, committed 2304K, reserved 1048576K
}
Event: 5.459 GC heap before
{Heap before GC invocations=4 (full 0):
 PSYoungGen      total 106496K, used 106483K [0x0000000780700000, 0x000000078d700000, 0x00000007c0000000)
  eden space 98304K, 100% used [0x0000000780700000,0x0000000786700000,0x0000000786700000)
  from space 8192K, 99% used [0x0000000786700000,0x0000000786efce60,0x0000000786f00000)
  to   space 8192K, 0% used [0x000000078cf00000,0x000000078cf00000,0x000000078d700000)
 ParOldGen       total 131072K, used 4676K [0x0000000701400000, 0x0000000709400000, 0x0000000780700000)
  object space 131072K, 3% used [0x0000000701400000,0x0000000701891380,0x0000000709400000)
 Metaspace       used 20012K, capacity 20386K, committed 20736K, reserved 1067008K
  class space    used 2650K, capacity 2745K, committed 2816K, reserved 1048576K
Event: 5.474 GC heap after
Heap after GC invocations=4 (full 0):
 PSYoungGen      total 204800K, used 8180K [0x0000000780700000, 0x000000078d700000, 0x00000007c0000000)
  eden space 196608K, 0% used [0x0000000780700000,0x0000000780700000,0x000000078c700000)
  from space 8192K, 99% used [0x000000078cf00000,0x000000078d6fd3b0,0x000000078d700000)
  to   space 8192K, 0% used [0x000000078c700000,0x000000078c700000,0x000000078cf00000)
 ParOldGen       total 131072K, used 9806K [0x0000000701400000, 0x0000000709400000, 0x0000000780700000)
  object space 131072K, 7% used [0x0000000701400000,0x0000000701d93ac0,0x0000000709400000)
 Metaspace       used 20012K, capacity 20386K, committed 20736K, reserved 1067008K
  class space    used 2650K, capacity 2745K, committed 2816K, reserved 1048576K
}
Event: 5.662 GC heap before
{Heap before GC invocations=5 (full 0):
 PSYoungGen      total 204800K, used 34089K [0x0000000780700000, 0x000000078d700000, 0x00000007c0000000)
  eden space 196608K, 13% used [0x0000000780700000,0x000000078204d2e0,0x000000078c700000)
  from space 8192K, 99% used [0x000000078cf00000,0x000000078d6fd3b0,0x000000078d700000)
  to   space 8192K, 0% used [0x000000078c700000,0x000000078c700000,0x000000078cf00000)
 ParOldGen       total 131072K, used 9806K [0x0000000701400000, 0x0000000709400000, 0x0000000780700000)
  object space 131072K, 7% used [0x0000000701400000,0x0000000701d93ac0,0x0000000709400000)
 Metaspace       used 20818K, capacity 21186K, committed 21296K, reserved 1067008K
  class space    used 2757K, capacity 2841K, committed 2864K, reserved 1048576K
Event: 5.675 GC heap after
Heap after GC invocations=5 (full 0):
 PSYoungGen      total 204800K, used 8164K [0x0000000780700000, 0x000000079a500000, 0x00000007c0000000)
  eden space 196608K, 0% used [0x0000000780700000,0x0000000780700000,0x000000078c700000)
  from space 8192K, 99% used [0x000000078c700000,0x000000078cef92f0,0x000000078cf00000)
  to   space 15360K, 0% used [0x0000000799600000,0x0000000799600000,0x000000079a500000)
 ParOldGen       total 131072K, used 11309K [0x0000000701400000, 0x0000000709400000, 0x0000000780700000)
  object space 131072K, 8% used [0x0000000701400000,0x0000000701f0b7b8,0x0000000709400000)
 Metaspace       used 20818K, capacity 21186K, committed 21296K, reserved 1067008K
  class space    used 2757K, capacity 2841K, committed 2864K, reserved 1048576K
}
Event: 5.675 GC heap before
{Heap before GC invocations=6 (full 1):
 PSYoungGen      total 204800K, used 8164K [0x0000000780700000, 0x000000079a500000, 0x00000007c0000000)
  eden space 196608K, 0% used [0x0000000780700000,0x0000000780700000,0x000000078c700000)
  from space 8192K, 99% used [0x000000078c700000,0x000000078cef92f0,0x000000078cf00000)
  to   space 15360K, 0% used [0x0000000799600000,0x0000000799600000,0x000000079a500000)
 ParOldGen       total 131072K, used 11309K [0x0000000701400000, 0x0000000709400000, 0x0000000780700000)
  object space 131072K, 8% used [0x0000000701400000,0x0000000701f0b7b8,0x0000000709400000)
 Metaspace       used 20818K, capacity 21186K, committed 21296K, reserved 1067008K
  class space    used 2757K, capacity 2841K, committed 2864K, reserved 1048576K
Event: 5.735 GC heap after
Heap after GC invocations=6 (full 1):
 PSYoungGen      total 204800K, used 0K [0x0000000780700000, 0x000000079a500000, 0x00000007c0000000)
  eden space 196608K, 0% used [0x0000000780700000,0x0000000780700000,0x000000078c700000)
  from space 8192K, 0% used [0x000000078c700000,0x000000078c700000,0x000000078cf00000)
  to   space 15360K, 0% used [0x0000000799600000,0x0000000799600000,0x000000079a500000)
 ParOldGen       total 81920K, used 12560K [0x0000000701400000, 0x0000000706400000, 0x0000000780700000)
  object space 81920K, 15% used [0x0000000701400000,0x00000007020443a0,0x0000000706400000)
 Metaspace       used 20818K, capacity 21186K, committed 21296K, reserved 1067008K
  class space    used 2757K, capacity 2841K, committed 2864K, reserved 1048576K
}
Event: 7.874 GC heap before
{Heap before GC invocations=7 (full 1):
 PSYoungGen      total 204800K, used 196608K [0x0000000780700000, 0x000000079a500000, 0x00000007c0000000)
  eden space 196608K, 100% used [0x0000000780700000,0x000000078c700000,0x000000078c700000)
  from space 8192K, 0% used [0x000000078c700000,0x000000078c700000,0x000000078cf00000)
  to   space 15360K, 0% used [0x0000000799600000,0x0000000799600000,0x000000079a500000)
 ParOldGen       total 81920K, used 12560K [0x0000000701400000, 0x0000000706400000, 0x0000000780700000)
  object space 81920K, 15% used [0x0000000701400000,0x00000007020443a0,0x0000000706400000)
 Metaspace       used 27120K, capacity 27514K, committed 27824K, reserved 1073152K
  class space    used 3572K, capacity 3684K, committed 3760K, reserved 1048576K
Event: 7.891 GC heap after
Heap after GC invocations=7 (full 1):
 PSYoungGen      total 342528K, used 13107K [0x0000000780700000, 0x000000079a300000, 0x00000007c0000000)
  eden space 329216K, 0% used [0x0000000780700000,0x0000000780700000,0x0000000794880000)
  from space 13312K, 98% used [0x0000000799600000,0x000000079a2ccd60,0x000000079a300000)
  to   space 16384K, 0% used [0x0000000798300000,0x0000000798300000,0x0000000799300000)
 ParOldGen       total 81920K, used 12568K [0x0000000701400000, 0x0000000706400000, 0x0000000780700000)
  object space 81920K, 15% used [0x0000000701400000,0x00000007020463a0,0x0000000706400000)
 Metaspace       used 27120K, capacity 27514K, committed 27824K, reserved 1073152K
  class space    used 3572K, capacity 3684K, committed 3760K, reserved 1048576K
}

