# JRE version: Java(TM) SE Runtime Environment (8.0_51-b16) (build 1.8.0_51-b16)
# Java VM: Java HotSpot(TM) 64-Bit Server VM (25.51-b03 mixed mode windows-amd64 compressed oops)
Heap:
 PSYoungGen      total 210944K, used 77007K [0x0000000780700000, 0x0000000797480000, 0x00000007c0000000)
  eden space 196608K, 32% used [0x0000000780700000,0x0000000784554748,0x000000078c700000)
  from space 14336K, 91% used [0x000000078c700000,0x000000078d3df6b0,0x000000078d500000)
  to   space 15360K, 0% used [0x0000000796580000,0x0000000796580000,0x0000000797480000)
 ParOldGen       total 77312K, used 12631K [0x0000000701400000, 0x0000000705f80000, 0x0000000780700000)
  object space 77312K, 16% used [0x0000000701400000,0x0000000702055ee0,0x0000000705f80000)
 Metaspace       used 28959K, capacity 29412K, committed 29616K, reserved 1075200K
  class space    used 3846K, capacity 3975K, committed 4016K, reserved 1048576K
GC Heap History (10 events):
Event: 5.939 GC heap before
{Heap before GC invocations=4 (full 0):
 PSYoungGen      total 57344K, used 57332K [0x0000000780700000, 0x0000000787700000, 0x00000007c0000000)
  eden space 49152K, 100% used [0x0000000780700000,0x0000000783700000,0x0000000783700000)
  from space 8192K, 99% used [0x0000000783700000,0x0000000783efd2d0,0x0000000783f00000)
  to   space 8192K, 0% used [0x0000000786f00000,0x0000000786f00000,0x0000000787700000)
 ParOldGen       total 131072K, used 3651K [0x0000000701400000, 0x0000000709400000, 0x0000000780700000)
  object space 131072K, 2% used [0x0000000701400000,0x0000000701790ce8,0x0000000709400000)
 Metaspace       used 16855K, capacity 17180K, committed 17408K, reserved 1064960K
  class space    used 2200K, capacity 2286K, committed 2304K, reserved 1048576K
Event: 5.954 GC heap after
Heap after GC invocations=4 (full 0):
 PSYoungGen      total 106496K, used 8180K [0x0000000780700000, 0x0000000787700000, 0x00000007c0000000)
  eden space 98304K, 0% used [0x0000000780700000,0x0000000780700000,0x0000000786700000)
  from space 8192K, 99% used [0x0000000786f00000,0x00000007876fd230,0x0000000787700000)
  to   space 8192K, 0% used [0x0000000786700000,0x0000000786700000,0x0000000786f00000)
 ParOldGen       total 131072K, used 4912K [0x0000000701400000, 0x0000000709400000, 0x0000000780700000)
  object space 131072K, 3% used [0x0000000701400000,0x00000007018cc1b8,0x0000000709400000)
 Metaspace       used 16855K, capacity 17180K, committed 17408K, reserved 1064960K
  class space    used 2200K, capacity 2286K, committed 2304K, reserved 1048576K
}
Event: 7.147 GC heap before
{Heap before GC invocations=5 (full 0):
 PSYoungGen      total 106496K, used 106484K [0x0000000780700000, 0x0000000787700000, 0x00000007c0000000)
  eden space 98304K, 100% used [0x0000000780700000,0x0000000786700000,0x0000000786700000)
  from space 8192K, 99% used [0x0000000786f00000,0x00000007876fd230,0x0000000787700000)
  to   space 8192K, 0% used [0x0000000786700000,0x0000000786700000,0x0000000786f00000)
 ParOldGen       total 131072K, used 4912K [0x0000000701400000, 0x0000000709400000, 0x0000000780700000)
  object space 131072K, 3% used [0x0000000701400000,0x00000007018cc1b8,0x0000000709400000)
 Metaspace       used 19920K, capacity 20324K, committed 20480K, reserved 1067008K
  class space    used 2652K, capacity 2747K, committed 2816K, reserved 1048576K
Event: 7.165 GC heap after
Heap after GC invocations=5 (full 0):
 PSYoungGen      total 106496K, used 8173K [0x0000000780700000, 0x000000078e400000, 0x00000007c0000000)
  eden space 98304K, 0% used [0x0000000780700000,0x0000000780700000,0x0000000786700000)
  from space 8192K, 99% used [0x0000000786700000,0x0000000786efb520,0x0000000786f00000)
  to   space 14848K, 0% used [0x000000078d580000,0x000000078d580000,0x000000078e400000)
 ParOldGen       total 131072K, used 10158K [0x0000000701400000, 0x0000000709400000, 0x0000000780700000)
  object space 131072K, 7% used [0x0000000701400000,0x0000000701debbb8,0x0000000709400000)
 Metaspace       used 19920K, capacity 20324K, committed 20480K, reserved 1067008K
  class space    used 2652K, capacity 2747K, committed 2816K, reserved 1048576K
}
Event: 7.429 GC heap before
{Heap before GC invocations=6 (full 0):
 PSYoungGen      total 106496K, used 34781K [0x0000000780700000, 0x000000078e400000, 0x00000007c0000000)
  eden space 98304K, 27% used [0x0000000780700000,0x00000007820fc050,0x0000000786700000)
  from space 8192K, 99% used [0x0000000786700000,0x0000000786efb520,0x0000000786f00000)
  to   space 14848K, 0% used [0x000000078d580000,0x000000078d580000,0x000000078e400000)
 ParOldGen       total 131072K, used 10158K [0x0000000701400000, 0x0000000709400000, 0x0000000780700000)
  object space 131072K, 7% used [0x0000000701400000,0x0000000701debbb8,0x0000000709400000)
 Metaspace       used 20807K, capacity 21188K, committed 21296K, reserved 1067008K
  class space    used 2772K, capacity 2843K, committed 2864K, reserved 1048576K
Event: 7.442 GC heap after
Heap after GC invocations=6 (full 0):
 PSYoungGen      total 210432K, used 9675K [0x0000000780700000, 0x000000078e300000, 0x00000007c0000000)
  eden space 196608K, 0% used [0x0000000780700000,0x0000000780700000,0x000000078c700000)
  from space 13824K, 69% used [0x000000078d580000,0x000000078def2ed0,0x000000078e300000)
  to   space 14336K, 0% used [0x000000078c700000,0x000000078c700000,0x000000078d500000)
 ParOldGen       total 131072K, used 10166K [0x0000000701400000, 0x0000000709400000, 0x0000000780700000)
  object space 131072K, 7% used [0x0000000701400000,0x0000000701dedbb8,0x0000000709400000)
 Metaspace       used 20807K, capacity 21188K, committed 21296K, reserved 1067008K
  class space    used 2772K, capacity 2843K, committed 2864K, reserved 1048576K
}
Event: 7.442 GC heap before
{Heap before GC invocations=7 (full 1):
 PSYoungGen      total 210432K, used 9675K [0x0000000780700000, 0x000000078e300000, 0x00000007c0000000)
  eden space 196608K, 0% used [0x0000000780700000,0x0000000780700000,0x000000078c700000)
  from space 13824K, 69% used [0x000000078d580000,0x000000078def2ed0,0x000000078e300000)
  to   space 14336K, 0% used [0x000000078c700000,0x000000078c700000,0x000000078d500000)
 ParOldGen       total 131072K, used 10166K [0x0000000701400000, 0x0000000709400000, 0x0000000780700000)
  object space 131072K, 7% used [0x0000000701400000,0x0000000701dedbb8,0x0000000709400000)
 Metaspace       used 20807K, capacity 21188K, committed 21296K, reserved 1067008K
  class space    used 2772K, capacity 2843K, committed 2864K, reserved 1048576K
Event: 7.504 GC heap after
Heap after GC invocations=7 (full 1):
 PSYoungGen      total 210432K, used 0K [0x0000000780700000, 0x000000078e300000, 0x00000007c0000000)
  eden space 196608K, 0% used [0x0000000780700000,0x0000000780700000,0x000000078c700000)
  from space 13824K, 0% used [0x000000078d580000,0x000000078d580000,0x000000078e300000)
  to   space 14336K, 0% used [0x000000078c700000,0x000000078c700000,0x000000078d500000)
 ParOldGen       total 77312K, used 12631K [0x0000000701400000, 0x0000000705f80000, 0x0000000780700000)
  object space 77312K, 16% used [0x0000000701400000,0x0000000702055ee0,0x0000000705f80000)
 Metaspace       used 20807K, capacity 21188K, committed 21296K, reserved 1067008K
  class space    used 2772K, capacity 2843K, committed 2864K, reserved 1048576K
}
Event: 18.690 GC heap before
{Heap before GC invocations=8 (full 1):
 PSYoungGen      total 210432K, used 196608K [0x0000000780700000, 0x000000078e300000, 0x00000007c0000000)
  eden space 196608K, 100% used [0x0000000780700000,0x000000078c700000,0x000000078c700000)
  from space 13824K, 0% used [0x000000078d580000,0x000000078d580000,0x000000078e300000)
  to   space 14336K, 0% used [0x000000078c700000,0x000000078c700000,0x000000078d500000)
 ParOldGen       total 77312K, used 12631K [0x0000000701400000, 0x0000000705f80000, 0x0000000780700000)
  object space 77312K, 16% used [0x0000000701400000,0x0000000702055ee0,0x0000000705f80000)
 Metaspace       used 27043K, capacity 27450K, committed 27824K, reserved 1073152K
  class space    used 3579K, capacity 3684K, committed 3760K, reserved 1048576K
Event: 18.707 GC heap after
Heap after GC invocations=8 (full 1):
 PSYoungGen      total 210944K, used 13181K [0x0000000780700000, 0x0000000797480000, 0x00000007c0000000)
  eden space 196608K, 0% used [0x0000000780700000,0x0000000780700000,0x000000078c700000)
  from space 14336K, 91% used [0x000000078c700000,0x000000078d3df6b0,0x000000078d500000)
  to   space 15360K, 0% used [0x0000000796580000,0x0000000796580000,0x0000000797480000)
 ParOldGen       total 77312K, used 12631K [0x0000000701400000, 0x0000000705f80000, 0x0000000780700000)
  object space 77312K, 16% used [0x0000000701400000,0x0000000702055ee0,0x0000000705f80000)
 Metaspace       used 27043K, capacity 27450K, committed 27824K, reserved 1073152K
  class space    used 3579K, capacity 3684K, committed 3760K, reserved 1048576K
}

