# JRE version: Java(TM) SE Runtime Environment (8.0_51-b16) (build 1.8.0_51-b16)
# Java VM: Java HotSpot(TM) 64-Bit Server VM (25.51-b03 mixed mode windows-amd64 compressed oops)
Heap:
 PSYoungGen      total 210944K, used 77360K [0x0000000780700000, 0x0000000795980000, 0x00000007c0000000)
  eden space 196608K, 32% used [0x0000000780700000,0x00000007845b2bd0,0x000000078c700000)
  from space 14336K, 91% used [0x000000078c700000,0x000000078d3d9440,0x000000078d500000)
  to   space 15360K, 0% used [0x0000000794a80000,0x0000000794a80000,0x0000000795980000)
 ParOldGen       total 84480K, used 12456K [0x0000000701400000, 0x0000000706680000, 0x0000000780700000)
  object space 84480K, 14% used [0x0000000701400000,0x000000070202a268,0x0000000706680000)
 Metaspace       used 29046K, capacity 29470K, committed 29872K, reserved 1075200K
  class space    used 3840K, capacity 3974K, committed 4016K, reserved 1048576K
GC Heap History (10 events):
Event: 3.177 GC heap before
{Heap before GC invocations=4 (full 0):
 PSYoungGen      total 57344K, used 57333K [0x0000000780700000, 0x0000000787700000, 0x00000007c0000000)
  eden space 49152K, 100% used [0x0000000780700000,0x0000000783700000,0x0000000783700000)
  from space 8192K, 99% used [0x0000000783700000,0x0000000783efd5e0,0x0000000783f00000)
  to   space 8192K, 0% used [0x0000000786f00000,0x0000000786f00000,0x0000000787700000)
 ParOldGen       total 131072K, used 3919K [0x0000000701400000, 0x0000000709400000, 0x0000000780700000)
  object space 131072K, 2% used [0x0000000701400000,0x00000007017d3d70,0x0000000709400000)
 Metaspace       used 16931K, capacity 17238K, committed 17408K, reserved 1064960K
  class space    used 2195K, capacity 2284K, committed 2304K, reserved 1048576K
Event: 3.186 GC heap after
Heap after GC invocations=4 (full 0):
 PSYoungGen      total 106496K, used 8189K [0x0000000780700000, 0x0000000787700000, 0x00000007c0000000)
  eden space 98304K, 0% used [0x0000000780700000,0x0000000780700000,0x0000000786700000)
  from space 8192K, 99% used [0x0000000786f00000,0x00000007876ff590,0x0000000787700000)
  to   space 8192K, 0% used [0x0000000786700000,0x0000000786700000,0x0000000786f00000)
 ParOldGen       total 131072K, used 5096K [0x0000000701400000, 0x0000000709400000, 0x0000000780700000)
  object space 131072K, 3% used [0x0000000701400000,0x00000007018fa0d0,0x0000000709400000)
 Metaspace       used 16931K, capacity 17238K, committed 17408K, reserved 1064960K
  class space    used 2195K, capacity 2284K, committed 2304K, reserved 1048576K
}
Event: 4.016 GC heap before
{Heap before GC invocations=5 (full 0):
 PSYoungGen      total 106496K, used 106493K [0x0000000780700000, 0x0000000787700000, 0x00000007c0000000)
  eden space 98304K, 100% used [0x0000000780700000,0x0000000786700000,0x0000000786700000)
  from space 8192K, 99% used [0x0000000786f00000,0x00000007876ff590,0x0000000787700000)
  to   space 8192K, 0% used [0x0000000786700000,0x0000000786700000,0x0000000786f00000)
 ParOldGen       total 131072K, used 5096K [0x0000000701400000, 0x0000000709400000, 0x0000000780700000)
  object space 131072K, 3% used [0x0000000701400000,0x00000007018fa0d0,0x0000000709400000)
 Metaspace       used 20068K, capacity 20482K, committed 20736K, reserved 1067008K
  class space    used 2661K, capacity 2777K, committed 2816K, reserved 1048576K
Event: 4.029 GC heap after
Heap after GC invocations=5 (full 0):
 PSYoungGen      total 106496K, used 8164K [0x0000000780700000, 0x000000078e400000, 0x00000007c0000000)
  eden space 98304K, 0% used [0x0000000780700000,0x0000000780700000,0x0000000786700000)
  from space 8192K, 99% used [0x0000000786700000,0x0000000786ef92f0,0x0000000786f00000)
  to   space 14848K, 0% used [0x000000078d580000,0x000000078d580000,0x000000078e400000)
 ParOldGen       total 131072K, used 10400K [0x0000000701400000, 0x0000000709400000, 0x0000000780700000)
  object space 131072K, 7% used [0x0000000701400000,0x0000000701e28200,0x0000000709400000)
 Metaspace       used 20068K, capacity 20482K, committed 20736K, reserved 1067008K
  class space    used 2661K, capacity 2777K, committed 2816K, reserved 1048576K
}
Event: 4.198 GC heap before
{Heap before GC invocations=6 (full 0):
 PSYoungGen      total 106496K, used 31575K [0x0000000780700000, 0x000000078e400000, 0x00000007c0000000)
  eden space 98304K, 23% used [0x0000000780700000,0x0000000781ddca08,0x0000000786700000)
  from space 8192K, 99% used [0x0000000786700000,0x0000000786ef92f0,0x0000000786f00000)
  to   space 14848K, 0% used [0x000000078d580000,0x000000078d580000,0x000000078e400000)
 ParOldGen       total 131072K, used 10400K [0x0000000701400000, 0x0000000709400000, 0x0000000780700000)
  object space 131072K, 7% used [0x0000000701400000,0x0000000701e28200,0x0000000709400000)
 Metaspace       used 20815K, capacity 21186K, committed 21296K, reserved 1067008K
  class space    used 2757K, capacity 2841K, committed 2864K, reserved 1048576K
Event: 4.208 GC heap after
Heap after GC invocations=6 (full 0):
 PSYoungGen      total 210432K, used 9500K [0x0000000780700000, 0x000000078e300000, 0x00000007c0000000)
  eden space 196608K, 0% used [0x0000000780700000,0x0000000780700000,0x000000078c700000)
  from space 13824K, 68% used [0x000000078d580000,0x000000078dec72a0,0x000000078e300000)
  to   space 14336K, 0% used [0x000000078c700000,0x000000078c700000,0x000000078d500000)
 ParOldGen       total 131072K, used 10408K [0x0000000701400000, 0x0000000709400000, 0x0000000780700000)
  object space 131072K, 7% used [0x0000000701400000,0x0000000701e2a200,0x0000000709400000)
 Metaspace       used 20815K, capacity 21186K, committed 21296K, reserved 1067008K
  class space    used 2757K, capacity 2841K, committed 2864K, reserved 1048576K
}
Event: 4.208 GC heap before
{Heap before GC invocations=7 (full 1):
 PSYoungGen      total 210432K, used 9500K [0x0000000780700000, 0x000000078e300000, 0x00000007c0000000)
  eden space 196608K, 0% used [0x0000000780700000,0x0000000780700000,0x000000078c700000)
  from space 13824K, 68% used [0x000000078d580000,0x000000078dec72a0,0x000000078e300000)
  to   space 14336K, 0% used [0x000000078c700000,0x000000078c700000,0x000000078d500000)
 ParOldGen       total 131072K, used 10408K [0x0000000701400000, 0x0000000709400000, 0x0000000780700000)
  object space 131072K, 7% used [0x0000000701400000,0x0000000701e2a200,0x0000000709400000)
 Metaspace       used 20815K, capacity 21186K, committed 21296K, reserved 1067008K
  class space    used 2757K, capacity 2841K, committed 2864K, reserved 1048576K
Event: 4.262 GC heap after
Heap after GC invocations=7 (full 1):
 PSYoungGen      total 210432K, used 0K [0x0000000780700000, 0x000000078e300000, 0x00000007c0000000)
  eden space 196608K, 0% used [0x0000000780700000,0x0000000780700000,0x000000078c700000)
  from space 13824K, 0% used [0x000000078d580000,0x000000078d580000,0x000000078e300000)
  to   space 14336K, 0% used [0x000000078c700000,0x000000078c700000,0x000000078d500000)
 ParOldGen       total 84480K, used 12448K [0x0000000701400000, 0x0000000706680000, 0x0000000780700000)
  object space 84480K, 14% used [0x0000000701400000,0x0000000702028268,0x0000000706680000)
 Metaspace       used 20815K, capacity 21186K, committed 21296K, reserved 1067008K
  class space    used 2757K, capacity 2841K, committed 2864K, reserved 1048576K
}
Event: 6.091 GC heap before
{Heap before GC invocations=8 (full 1):
 PSYoungGen      total 210432K, used 196608K [0x0000000780700000, 0x000000078e300000, 0x00000007c0000000)
  eden space 196608K, 100% used [0x0000000780700000,0x000000078c700000,0x000000078c700000)
  from space 13824K, 0% used [0x000000078d580000,0x000000078d580000,0x000000078e300000)
  to   space 14336K, 0% used [0x000000078c700000,0x000000078c700000,0x000000078d500000)
 ParOldGen       total 84480K, used 12448K [0x0000000701400000, 0x0000000706680000, 0x0000000780700000)
  object space 84480K, 14% used [0x0000000701400000,0x0000000702028268,0x0000000706680000)
 Metaspace       used 27117K, capacity 27514K, committed 27824K, reserved 1073152K
  class space    used 3571K, capacity 3684K, committed 3760K, reserved 1048576K
Event: 6.104 GC heap after
Heap after GC invocations=8 (full 1):
 PSYoungGen      total 210944K, used 13157K [0x0000000780700000, 0x0000000795980000, 0x00000007c0000000)
  eden space 196608K, 0% used [0x0000000780700000,0x0000000780700000,0x000000078c700000)
  from space 14336K, 91% used [0x000000078c700000,0x000000078d3d9440,0x000000078d500000)
  to   space 15360K, 0% used [0x0000000794a80000,0x0000000794a80000,0x0000000795980000)
 ParOldGen       total 84480K, used 12456K [0x0000000701400000, 0x0000000706680000, 0x0000000780700000)
  object space 84480K, 14% used [0x0000000701400000,0x000000070202a268,0x0000000706680000)
 Metaspace       used 27117K, capacity 27514K, committed 27824K, reserved 1073152K
  class space    used 3571K, capacity 3684K, committed 3760K, reserved 1048576K
}

