# JRE version: Java(TM) SE Runtime Environment (8.0_51-b16) (build 1.8.0_51-b16)
# Java VM: Java HotSpot(TM) 64-Bit Server VM (25.51-b03 mixed mode windows-amd64 compressed oops)
Heap:
 PSYoungGen      total 210944K, used 78391K [0x0000000780700000, 0x0000000796280000, 0x00000007c0000000)
  eden space 196608K, 33% used [0x0000000780700000,0x00000007846c0b18,0x000000078c700000)
  from space 14336K, 91% used [0x000000078c700000,0x000000078d3cd478,0x000000078d500000)
  to   space 15360K, 0% used [0x0000000795380000,0x0000000795380000,0x0000000796280000)
 ParOldGen       total 82432K, used 12465K [0x0000000701400000, 0x0000000706480000, 0x0000000780700000)
  object space 82432K, 15% used [0x0000000701400000,0x000000070202c620,0x0000000706480000)
 Metaspace       used 29070K, capacity 29470K, committed 29872K, reserved 1075200K
  class space    used 3844K, capacity 3974K, committed 4016K, reserved 1048576K
GC Heap History (10 events):
Event: 3.570 GC heap before
{Heap before GC invocations=4 (full 0):
 PSYoungGen      total 57344K, used 57323K [0x0000000780700000, 0x0000000787700000, 0x00000007c0000000)
  eden space 49152K, 100% used [0x0000000780700000,0x0000000783700000,0x0000000783700000)
  from space 8192K, 99% used [0x0000000783700000,0x0000000783efac90,0x0000000783f00000)
  to   space 8192K, 0% used [0x0000000786f00000,0x0000000786f00000,0x0000000787700000)
 ParOldGen       total 131072K, used 3946K [0x0000000701400000, 0x0000000709400000, 0x0000000780700000)
  object space 131072K, 3% used [0x0000000701400000,0x00000007017da8b8,0x0000000709400000)
 Metaspace       used 16956K, capacity 17302K, committed 17408K, reserved 1064960K
  class space    used 2199K, capacity 2284K, committed 2304K, reserved 1048576K
Event: 3.585 GC heap after
Heap after GC invocations=4 (full 0):
 PSYoungGen      total 106496K, used 8165K [0x0000000780700000, 0x0000000787700000, 0x00000007c0000000)
  eden space 98304K, 0% used [0x0000000780700000,0x0000000780700000,0x0000000786700000)
  from space 8192K, 99% used [0x0000000786f00000,0x00000007876f9650,0x0000000787700000)
  to   space 8192K, 0% used [0x0000000786700000,0x0000000786700000,0x0000000786f00000)
 ParOldGen       total 131072K, used 5146K [0x0000000701400000, 0x0000000709400000, 0x0000000780700000)
  object space 131072K, 3% used [0x0000000701400000,0x00000007019068b0,0x0000000709400000)
 Metaspace       used 16956K, capacity 17302K, committed 17408K, reserved 1064960K
  class space    used 2199K, capacity 2284K, committed 2304K, reserved 1048576K
}
Event: 4.381 GC heap before
{Heap before GC invocations=5 (full 0):
 PSYoungGen      total 106496K, used 106469K [0x0000000780700000, 0x0000000787700000, 0x00000007c0000000)
  eden space 98304K, 100% used [0x0000000780700000,0x0000000786700000,0x0000000786700000)
  from space 8192K, 99% used [0x0000000786f00000,0x00000007876f9650,0x0000000787700000)
  to   space 8192K, 0% used [0x0000000786700000,0x0000000786700000,0x0000000786f00000)
 ParOldGen       total 131072K, used 5146K [0x0000000701400000, 0x0000000709400000, 0x0000000780700000)
  object space 131072K, 3% used [0x0000000701400000,0x00000007019068b0,0x0000000709400000)
 Metaspace       used 20082K, capacity 20546K, committed 20736K, reserved 1067008K
  class space    used 2661K, capacity 2777K, committed 2816K, reserved 1048576K
Event: 4.394 GC heap after
Heap after GC invocations=5 (full 0):
 PSYoungGen      total 106496K, used 8164K [0x0000000780700000, 0x000000078e400000, 0x00000007c0000000)
  eden space 98304K, 0% used [0x0000000780700000,0x0000000780700000,0x0000000786700000)
  from space 8192K, 99% used [0x0000000786700000,0x0000000786ef9310,0x0000000786f00000)
  to   space 14848K, 0% used [0x000000078d580000,0x000000078d580000,0x000000078e400000)
 ParOldGen       total 131072K, used 10420K [0x0000000701400000, 0x0000000709400000, 0x0000000780700000)
  object space 131072K, 7% used [0x0000000701400000,0x0000000701e2d008,0x0000000709400000)
 Metaspace       used 20082K, capacity 20546K, committed 20736K, reserved 1067008K
  class space    used 2661K, capacity 2777K, committed 2816K, reserved 1048576K
}
Event: 4.560 GC heap before
{Heap before GC invocations=6 (full 0):
 PSYoungGen      total 106496K, used 31588K [0x0000000780700000, 0x000000078e400000, 0x00000007c0000000)
  eden space 98304K, 23% used [0x0000000780700000,0x0000000781ddfda0,0x0000000786700000)
  from space 8192K, 99% used [0x0000000786700000,0x0000000786ef9310,0x0000000786f00000)
  to   space 14848K, 0% used [0x000000078d580000,0x000000078d580000,0x000000078e400000)
 ParOldGen       total 131072K, used 10420K [0x0000000701400000, 0x0000000709400000, 0x0000000780700000)
  object space 131072K, 7% used [0x0000000701400000,0x0000000701e2d008,0x0000000709400000)
 Metaspace       used 20841K, capacity 21186K, committed 21296K, reserved 1067008K
  class space    used 2758K, capacity 2841K, committed 2864K, reserved 1048576K
Event: 4.571 GC heap after
Heap after GC invocations=6 (full 0):
 PSYoungGen      total 210432K, used 9490K [0x0000000780700000, 0x000000078e300000, 0x00000007c0000000)
  eden space 196608K, 0% used [0x0000000780700000,0x0000000780700000,0x000000078c700000)
  from space 13824K, 68% used [0x000000078d580000,0x000000078dec4b28,0x000000078e300000)
  to   space 14336K, 0% used [0x000000078c700000,0x000000078c700000,0x000000078d500000)
 ParOldGen       total 131072K, used 10428K [0x0000000701400000, 0x0000000709400000, 0x0000000780700000)
  object space 131072K, 7% used [0x0000000701400000,0x0000000701e2f008,0x0000000709400000)
 Metaspace       used 20841K, capacity 21186K, committed 21296K, reserved 1067008K
  class space    used 2758K, capacity 2841K, committed 2864K, reserved 1048576K
}
Event: 4.572 GC heap before
{Heap before GC invocations=7 (full 1):
 PSYoungGen      total 210432K, used 9490K [0x0000000780700000, 0x000000078e300000, 0x00000007c0000000)
  eden space 196608K, 0% used [0x0000000780700000,0x0000000780700000,0x000000078c700000)
  from space 13824K, 68% used [0x000000078d580000,0x000000078dec4b28,0x000000078e300000)
  to   space 14336K, 0% used [0x000000078c700000,0x000000078c700000,0x000000078d500000)
 ParOldGen       total 131072K, used 10428K [0x0000000701400000, 0x0000000709400000, 0x0000000780700000)
  object space 131072K, 7% used [0x0000000701400000,0x0000000701e2f008,0x0000000709400000)
 Metaspace       used 20841K, capacity 21186K, committed 21296K, reserved 1067008K
  class space    used 2758K, capacity 2841K, committed 2864K, reserved 1048576K
Event: 4.626 GC heap after
Heap after GC invocations=7 (full 1):
 PSYoungGen      total 210432K, used 0K [0x0000000780700000, 0x000000078e300000, 0x00000007c0000000)
  eden space 196608K, 0% used [0x0000000780700000,0x0000000780700000,0x000000078c700000)
  from space 13824K, 0% used [0x000000078d580000,0x000000078d580000,0x000000078e300000)
  to   space 14336K, 0% used [0x000000078c700000,0x000000078c700000,0x000000078d500000)
 ParOldGen       total 82432K, used 12457K [0x0000000701400000, 0x0000000706480000, 0x0000000780700000)
  object space 82432K, 15% used [0x0000000701400000,0x000000070202a620,0x0000000706480000)
 Metaspace       used 20841K, capacity 21186K, committed 21296K, reserved 1067008K
  class space    used 2758K, capacity 2841K, committed 2864K, reserved 1048576K
}
Event: 6.276 GC heap before
{Heap before GC invocations=8 (full 1):
 PSYoungGen      total 210432K, used 196608K [0x0000000780700000, 0x000000078e300000, 0x00000007c0000000)
  eden space 196608K, 100% used [0x0000000780700000,0x000000078c700000,0x000000078c700000)
  from space 13824K, 0% used [0x000000078d580000,0x000000078d580000,0x000000078e300000)
  to   space 14336K, 0% used [0x000000078c700000,0x000000078c700000,0x000000078d500000)
 ParOldGen       total 82432K, used 12457K [0x0000000701400000, 0x0000000706480000, 0x0000000780700000)
  object space 82432K, 15% used [0x0000000701400000,0x000000070202a620,0x0000000706480000)
 Metaspace       used 27144K, capacity 27514K, committed 27824K, reserved 1073152K
  class space    used 3573K, capacity 3684K, committed 3760K, reserved 1048576K
Event: 6.291 GC heap after
Heap after GC invocations=8 (full 1):
 PSYoungGen      total 210944K, used 13109K [0x0000000780700000, 0x0000000796280000, 0x00000007c0000000)
  eden space 196608K, 0% used [0x0000000780700000,0x0000000780700000,0x000000078c700000)
  from space 14336K, 91% used [0x000000078c700000,0x000000078d3cd478,0x000000078d500000)
  to   space 15360K, 0% used [0x0000000795380000,0x0000000795380000,0x0000000796280000)
 ParOldGen       total 82432K, used 12465K [0x0000000701400000, 0x0000000706480000, 0x0000000780700000)
  object space 82432K, 15% used [0x0000000701400000,0x000000070202c620,0x0000000706480000)
 Metaspace       used 27144K, capacity 27514K, committed 27824K, reserved 1073152K
  class space    used 3573K, capacity 3684K, committed 3760K, reserved 1048576K
}

