# JRE version: Java(TM) SE Runtime Environment (8.0_51-b16) (build 1.8.0_51-b16)
# Java VM: Java HotSpot(TM) 64-Bit Server VM (25.51-b03 mixed mode windows-amd64 compressed oops)
Heap:
 PSYoungGen      total 210944K, used 75046K [0x0000000780700000, 0x0000000795980000, 0x00000007c0000000)
  eden space 196608K, 31% used [0x0000000780700000,0x0000000784371f08,0x000000078c700000)
  from space 14336K, 91% used [0x000000078c700000,0x000000078d3d7b08,0x000000078d500000)
  to   space 15360K, 0% used [0x0000000794a80000,0x0000000794a80000,0x0000000795980000)
 ParOldGen       total 84992K, used 12456K [0x0000000701400000, 0x0000000706700000, 0x0000000780700000)
  object space 84992K, 14% used [0x0000000701400000,0x000000070202a0d0,0x0000000706700000)
 Metaspace       used 28937K, capacity 29310K, committed 29616K, reserved 1075200K
  class space    used 3818K, capacity 3942K, committed 4016K, reserved 1048576K
GC Heap History (10 events):
Event: 3.257 GC heap before
{Heap before GC invocations=4 (full 0):
 PSYoungGen      total 57344K, used 57326K [0x0000000780700000, 0x0000000787700000, 0x00000007c0000000)
  eden space 49152K, 100% used [0x0000000780700000,0x0000000783700000,0x0000000783700000)
  from space 8192K, 99% used [0x0000000783700000,0x0000000783efbbf0,0x0000000783f00000)
  to   space 8192K, 0% used [0x0000000786f00000,0x0000000786f00000,0x0000000787700000)
 ParOldGen       total 131072K, used 3934K [0x0000000701400000, 0x0000000709400000, 0x0000000780700000)
  object space 131072K, 3% used [0x0000000701400000,0x00000007017d7880,0x0000000709400000)
 Metaspace       used 16963K, capacity 17302K, committed 17408K, reserved 1064960K
  class space    used 2201K, capacity 2284K, committed 2304K, reserved 1048576K
Event: 3.268 GC heap after
Heap after GC invocations=4 (full 0):
 PSYoungGen      total 106496K, used 8180K [0x0000000780700000, 0x0000000787700000, 0x00000007c0000000)
  eden space 98304K, 0% used [0x0000000780700000,0x0000000780700000,0x0000000786700000)
  from space 8192K, 99% used [0x0000000786f00000,0x00000007876fd1b0,0x0000000787700000)
  to   space 8192K, 0% used [0x0000000786700000,0x0000000786700000,0x0000000786f00000)
 ParOldGen       total 131072K, used 5141K [0x0000000701400000, 0x0000000709400000, 0x0000000780700000)
  object space 131072K, 3% used [0x0000000701400000,0x00000007019055c8,0x0000000709400000)
 Metaspace       used 16963K, capacity 17302K, committed 17408K, reserved 1064960K
  class space    used 2201K, capacity 2284K, committed 2304K, reserved 1048576K
}
Event: 4.067 GC heap before
{Heap before GC invocations=5 (full 0):
 PSYoungGen      total 106496K, used 106484K [0x0000000780700000, 0x0000000787700000, 0x00000007c0000000)
  eden space 98304K, 100% used [0x0000000780700000,0x0000000786700000,0x0000000786700000)
  from space 8192K, 99% used [0x0000000786f00000,0x00000007876fd1b0,0x0000000787700000)
  to   space 8192K, 0% used [0x0000000786700000,0x0000000786700000,0x0000000786f00000)
 ParOldGen       total 131072K, used 5141K [0x0000000701400000, 0x0000000709400000, 0x0000000780700000)
  object space 131072K, 3% used [0x0000000701400000,0x00000007019055c8,0x0000000709400000)
 Metaspace       used 20100K, capacity 20546K, committed 20736K, reserved 1067008K
  class space    used 2666K, capacity 2777K, committed 2816K, reserved 1048576K
Event: 4.079 GC heap after
Heap after GC invocations=5 (full 0):
 PSYoungGen      total 106496K, used 8163K [0x0000000780700000, 0x000000078e400000, 0x00000007c0000000)
  eden space 98304K, 0% used [0x0000000780700000,0x0000000780700000,0x0000000786700000)
  from space 8192K, 99% used [0x0000000786700000,0x0000000786ef8c80,0x0000000786f00000)
  to   space 14848K, 0% used [0x000000078d580000,0x000000078d580000,0x000000078e400000)
 ParOldGen       total 131072K, used 10419K [0x0000000701400000, 0x0000000709400000, 0x0000000780700000)
  object space 131072K, 7% used [0x0000000701400000,0x0000000701e2cdb8,0x0000000709400000)
 Metaspace       used 20100K, capacity 20546K, committed 20736K, reserved 1067008K
  class space    used 2666K, capacity 2777K, committed 2816K, reserved 1048576K
}
Event: 4.259 GC heap before
{Heap before GC invocations=6 (full 0):
 PSYoungGen      total 106496K, used 31538K [0x0000000780700000, 0x000000078e400000, 0x00000007c0000000)
  eden space 98304K, 23% used [0x0000000780700000,0x0000000781dd3ea8,0x0000000786700000)
  from space 8192K, 99% used [0x0000000786700000,0x0000000786ef8c80,0x0000000786f00000)
  to   space 14848K, 0% used [0x000000078d580000,0x000000078d580000,0x000000078e400000)
 ParOldGen       total 131072K, used 10419K [0x0000000701400000, 0x0000000709400000, 0x0000000780700000)
  object space 131072K, 7% used [0x0000000701400000,0x0000000701e2cdb8,0x0000000709400000)
 Metaspace       used 20853K, capacity 21186K, committed 21296K, reserved 1067008K
  class space    used 2761K, capacity 2841K, committed 2864K, reserved 1048576K
Event: 4.270 GC heap after
Heap after GC invocations=6 (full 0):
 PSYoungGen      total 210432K, used 9481K [0x0000000780700000, 0x000000078e300000, 0x00000007c0000000)
  eden space 196608K, 0% used [0x0000000780700000,0x0000000780700000,0x000000078c700000)
  from space 13824K, 68% used [0x000000078d580000,0x000000078dec25d8,0x000000078e300000)
  to   space 14336K, 0% used [0x000000078c700000,0x000000078c700000,0x000000078d500000)
 ParOldGen       total 131072K, used 10427K [0x0000000701400000, 0x0000000709400000, 0x0000000780700000)
  object space 131072K, 7% used [0x0000000701400000,0x0000000701e2edb8,0x0000000709400000)
 Metaspace       used 20853K, capacity 21186K, committed 21296K, reserved 1067008K
  class space    used 2761K, capacity 2841K, committed 2864K, reserved 1048576K
}
Event: 4.270 GC heap before
{Heap before GC invocations=7 (full 1):
 PSYoungGen      total 210432K, used 9481K [0x0000000780700000, 0x000000078e300000, 0x00000007c0000000)
  eden space 196608K, 0% used [0x0000000780700000,0x0000000780700000,0x000000078c700000)
  from space 13824K, 68% used [0x000000078d580000,0x000000078dec25d8,0x000000078e300000)
  to   space 14336K, 0% used [0x000000078c700000,0x000000078c700000,0x000000078d500000)
 ParOldGen       total 131072K, used 10427K [0x0000000701400000, 0x0000000709400000, 0x0000000780700000)
  object space 131072K, 7% used [0x0000000701400000,0x0000000701e2edb8,0x0000000709400000)
 Metaspace       used 20853K, capacity 21186K, committed 21296K, reserved 1067008K
  class space    used 2761K, capacity 2841K, committed 2864K, reserved 1048576K
Event: 4.327 GC heap after
Heap after GC invocations=7 (full 1):
 PSYoungGen      total 210432K, used 0K [0x0000000780700000, 0x000000078e300000, 0x00000007c0000000)
  eden space 196608K, 0% used [0x0000000780700000,0x0000000780700000,0x000000078c700000)
  from space 13824K, 0% used [0x000000078d580000,0x000000078d580000,0x000000078e300000)
  to   space 14336K, 0% used [0x000000078c700000,0x000000078c700000,0x000000078d500000)
 ParOldGen       total 84992K, used 12448K [0x0000000701400000, 0x0000000706700000, 0x0000000780700000)
  object space 84992K, 14% used [0x0000000701400000,0x00000007020280d0,0x0000000706700000)
 Metaspace       used 20853K, capacity 21186K, committed 21296K, reserved 1067008K
  class space    used 2761K, capacity 2841K, committed 2864K, reserved 1048576K
}
Event: 6.040 GC heap before
{Heap before GC invocations=8 (full 1):
 PSYoungGen      total 210432K, used 196608K [0x0000000780700000, 0x000000078e300000, 0x00000007c0000000)
  eden space 196608K, 100% used [0x0000000780700000,0x000000078c700000,0x000000078c700000)
  from space 13824K, 0% used [0x000000078d580000,0x000000078d580000,0x000000078e300000)
  to   space 14336K, 0% used [0x000000078c700000,0x000000078c700000,0x000000078d500000)
 ParOldGen       total 84992K, used 12448K [0x0000000701400000, 0x0000000706700000, 0x0000000780700000)
  object space 84992K, 14% used [0x0000000701400000,0x00000007020280d0,0x0000000706700000)
 Metaspace       used 27144K, capacity 27514K, committed 27824K, reserved 1073152K
  class space    used 3575K, capacity 3684K, committed 3760K, reserved 1048576K
Event: 6.057 GC heap after
Heap after GC invocations=8 (full 1):
 PSYoungGen      total 210944K, used 13150K [0x0000000780700000, 0x0000000795980000, 0x00000007c0000000)
  eden space 196608K, 0% used [0x0000000780700000,0x0000000780700000,0x000000078c700000)
  from space 14336K, 91% used [0x000000078c700000,0x000000078d3d7b08,0x000000078d500000)
  to   space 15360K, 0% used [0x0000000794a80000,0x0000000794a80000,0x0000000795980000)
 ParOldGen       total 84992K, used 12456K [0x0000000701400000, 0x0000000706700000, 0x0000000780700000)
  object space 84992K, 14% used [0x0000000701400000,0x000000070202a0d0,0x0000000706700000)
 Metaspace       used 27144K, capacity 27514K, committed 27824K, reserved 1073152K
  class space    used 3575K, capacity 3684K, committed 3760K, reserved 1048576K
}

