# JRE version: Java(TM) SE Runtime Environment (8.0_51-b16) (build 1.8.0_51-b16)
# Java VM: Java HotSpot(TM) 64-Bit Server VM (25.51-b03 mixed mode windows-amd64 compressed oops)
Heap:
 PSYoungGen      total 169472K, used 167598K [0x0000000780700000, 0x000000078db00000, 0x00000007c0000000)
  eden space 161792K, 98% used [0x0000000780700000,0x000000078a353988,0x000000078a500000)
  from space 7680K, 97% used [0x000000078d380000,0x000000078dad8028,0x000000078db00000)
  to   space 13312K, 0% used [0x000000078c100000,0x000000078c100000,0x000000078ce00000)
 ParOldGen       total 81920K, used 12516K [0x0000000701400000, 0x0000000706400000, 0x0000000780700000)
  object space 81920K, 15% used [0x0000000701400000,0x0000000702039068,0x0000000706400000)
 Metaspace       used 29060K, capacity 29470K, committed 29872K, reserved 1075200K
  class space    used 3847K, capacity 3974K, committed 4016K, reserved 1048576K
GC Heap History (10 events):
Event: 3.581 GC heap before
{Heap before GC invocations=5 (full 0):
 PSYoungGen      total 57344K, used 57340K [0x0000000780700000, 0x0000000787700000, 0x00000007c0000000)
  eden space 49152K, 100% used [0x0000000780700000,0x0000000783700000,0x0000000783700000)
  from space 8192K, 99% used [0x0000000783f00000,0x00000007846ff3b0,0x0000000784700000)
  to   space 8192K, 0% used [0x0000000783700000,0x0000000783700000,0x0000000783f00000)
 ParOldGen       total 131072K, used 5040K [0x0000000701400000, 0x0000000709400000, 0x0000000780700000)
  object space 131072K, 3% used [0x0000000701400000,0x00000007018ec0e0,0x0000000709400000)
 Metaspace       used 18201K, capacity 18536K, committed 18688K, reserved 1064960K
  class space    used 2395K, capacity 2479K, committed 2560K, reserved 1048576K
Event: 3.590 GC heap after
Heap after GC invocations=5 (full 0):
 PSYoungGen      total 57344K, used 8172K [0x0000000780700000, 0x0000000788000000, 0x00000007c0000000)
  eden space 49152K, 0% used [0x0000000780700000,0x0000000780700000,0x0000000783700000)
  from space 8192K, 99% used [0x0000000783700000,0x0000000783efb2e0,0x0000000783f00000)
  to   space 12800K, 0% used [0x0000000787380000,0x0000000787380000,0x0000000788000000)
 ParOldGen       total 131072K, used 7355K [0x0000000701400000, 0x0000000709400000, 0x0000000780700000)
  object space 131072K, 5% used [0x0000000701400000,0x0000000701b2ec98,0x0000000709400000)
 Metaspace       used 18201K, capacity 18536K, committed 18688K, reserved 1064960K
  class space    used 2395K, capacity 2479K, committed 2560K, reserved 1048576K
}
Event: 3.946 GC heap before
{Heap before GC invocations=6 (full 0):
 PSYoungGen      total 57344K, used 57324K [0x0000000780700000, 0x0000000788000000, 0x00000007c0000000)
  eden space 49152K, 100% used [0x0000000780700000,0x0000000783700000,0x0000000783700000)
  from space 8192K, 99% used [0x0000000783700000,0x0000000783efb2e0,0x0000000783f00000)
  to   space 12800K, 0% used [0x0000000787380000,0x0000000787380000,0x0000000788000000)
 ParOldGen       total 131072K, used 7355K [0x0000000701400000, 0x0000000709400000, 0x0000000780700000)
  object space 131072K, 5% used [0x0000000701400000,0x0000000701b2ec98,0x0000000709400000)
 Metaspace       used 20086K, capacity 20482K, committed 20736K, reserved 1067008K
  class space    used 2666K, capacity 2777K, committed 2816K, reserved 1048576K
Event: 3.957 GC heap after
Heap after GC invocations=6 (full 0):
 PSYoungGen      total 110592K, used 11145K [0x0000000780700000, 0x0000000788100000, 0x00000007c0000000)
  eden space 97792K, 0% used [0x0000000780700000,0x0000000780700000,0x0000000786680000)
  from space 12800K, 87% used [0x0000000787380000,0x0000000787e62500,0x0000000788000000)
  to   space 13312K, 0% used [0x0000000786680000,0x0000000786680000,0x0000000787380000)
 ParOldGen       total 131072K, used 7363K [0x0000000701400000, 0x0000000709400000, 0x0000000780700000)
  object space 131072K, 5% used [0x0000000701400000,0x0000000701b30c98,0x0000000709400000)
 Metaspace       used 20086K, capacity 20482K, committed 20736K, reserved 1067008K
  class space    used 2666K, capacity 2777K, committed 2816K, reserved 1048576K
}
Event: 4.114 GC heap before
{Heap before GC invocations=7 (full 0):
 PSYoungGen      total 110592K, used 34055K [0x0000000780700000, 0x0000000788100000, 0x00000007c0000000)
  eden space 97792K, 23% used [0x0000000780700000,0x0000000781d5f748,0x0000000786680000)
  from space 12800K, 87% used [0x0000000787380000,0x0000000787e62500,0x0000000788000000)
  to   space 13312K, 0% used [0x0000000786680000,0x0000000786680000,0x0000000787380000)
 ParOldGen       total 131072K, used 7363K [0x0000000701400000, 0x0000000709400000, 0x0000000780700000)
  object space 131072K, 5% used [0x0000000701400000,0x0000000701b30c98,0x0000000709400000)
 Metaspace       used 20831K, capacity 21186K, committed 21296K, reserved 1067008K
  class space    used 2762K, capacity 2841K, committed 2864K, reserved 1048576K
Event: 4.126 GC heap after
Heap after GC invocations=7 (full 0):
 PSYoungGen      total 111104K, used 6158K [0x0000000780700000, 0x000000078e100000, 0x00000007c0000000)
  eden space 97792K, 0% used [0x0000000780700000,0x0000000780700000,0x0000000786680000)
  from space 13312K, 46% used [0x0000000786680000,0x0000000786c83a00,0x0000000787380000)
  to   space 13824K, 0% used [0x000000078d380000,0x000000078d380000,0x000000078e100000)
 ParOldGen       total 131072K, used 12272K [0x0000000701400000, 0x0000000709400000, 0x0000000780700000)
  object space 131072K, 9% used [0x0000000701400000,0x0000000701ffc2c0,0x0000000709400000)
 Metaspace       used 20831K, capacity 21186K, committed 21296K, reserved 1067008K
  class space    used 2762K, capacity 2841K, committed 2864K, reserved 1048576K
}
Event: 4.126 GC heap before
{Heap before GC invocations=8 (full 1):
 PSYoungGen      total 111104K, used 6158K [0x0000000780700000, 0x000000078e100000, 0x00000007c0000000)
  eden space 97792K, 0% used [0x0000000780700000,0x0000000780700000,0x0000000786680000)
  from space 13312K, 46% used [0x0000000786680000,0x0000000786c83a00,0x0000000787380000)
  to   space 13824K, 0% used [0x000000078d380000,0x000000078d380000,0x000000078e100000)
 ParOldGen       total 131072K, used 12272K [0x0000000701400000, 0x0000000709400000, 0x0000000780700000)
  object space 131072K, 9% used [0x0000000701400000,0x0000000701ffc2c0,0x0000000709400000)
 Metaspace       used 20831K, capacity 21186K, committed 21296K, reserved 1067008K
  class space    used 2762K, capacity 2841K, committed 2864K, reserved 1048576K
Event: 4.181 GC heap after
Heap after GC invocations=8 (full 1):
 PSYoungGen      total 111104K, used 0K [0x0000000780700000, 0x000000078e100000, 0x00000007c0000000)
  eden space 97792K, 0% used [0x0000000780700000,0x0000000780700000,0x0000000786680000)
  from space 13312K, 0% used [0x0000000786680000,0x0000000786680000,0x0000000787380000)
  to   space 13824K, 0% used [0x000000078d380000,0x000000078d380000,0x000000078e100000)
 ParOldGen       total 81920K, used 12508K [0x0000000701400000, 0x0000000706400000, 0x0000000780700000)
  object space 81920K, 15% used [0x0000000701400000,0x0000000702037068,0x0000000706400000)
 Metaspace       used 20831K, capacity 21186K, committed 21296K, reserved 1067008K
  class space    used 2762K, capacity 2841K, committed 2864K, reserved 1048576K
}
Event: 5.220 GC heap before
{Heap before GC invocations=9 (full 1):
 PSYoungGen      total 111104K, used 97792K [0x0000000780700000, 0x000000078e100000, 0x00000007c0000000)
  eden space 97792K, 100% used [0x0000000780700000,0x0000000786680000,0x0000000786680000)
  from space 13312K, 0% used [0x0000000786680000,0x0000000786680000,0x0000000787380000)
  to   space 13824K, 0% used [0x000000078d380000,0x000000078d380000,0x000000078e100000)
 ParOldGen       total 81920K, used 12508K [0x0000000701400000, 0x0000000706400000, 0x0000000780700000)
  object space 81920K, 15% used [0x0000000701400000,0x0000000702037068,0x0000000706400000)
 Metaspace       used 25253K, capacity 25632K, committed 26032K, reserved 1071104K
  class space    used 3320K, capacity 3422K, committed 3504K, reserved 1048576K
Event: 5.228 GC heap after
Heap after GC invocations=9 (full 1):
 PSYoungGen      total 169472K, used 7520K [0x0000000780700000, 0x000000078db00000, 0x00000007c0000000)
  eden space 161792K, 0% used [0x0000000780700000,0x0000000780700000,0x000000078a500000)
  from space 7680K, 97% used [0x000000078d380000,0x000000078dad8028,0x000000078db00000)
  to   space 13312K, 0% used [0x000000078c100000,0x000000078c100000,0x000000078ce00000)
 ParOldGen       total 81920K, used 12516K [0x0000000701400000, 0x0000000706400000, 0x0000000780700000)
  object space 81920K, 15% used [0x0000000701400000,0x0000000702039068,0x0000000706400000)
 Metaspace       used 25253K, capacity 25632K, committed 26032K, reserved 1071104K
  class space    used 3320K, capacity 3422K, committed 3504K, reserved 1048576K
}

